[35m[1mConsolidate compiler generated dependencies of target controller_subscriber[0m
[35m[1mConsolidate compiler generated dependencies of target diff_drive_controller[0m
[35m[1mConsolidate compiler generated dependencies of target cmd_vel_publisher[0m
[100%] Built target diff_drive_controller
[100%] Built target controller_subscriber
[100%] Built target cmd_vel_publisher
-- Install configuration: ""
-- Up-to-date: /home/ws/src/Overlord100-controller/install/overlord100_controller/lib/overlord100_controller/diff_drive_controller
-- Up-to-date: /home/ws/src/Overlord100-controller/install/overlord100_controller/lib/overlord100_controller/controller_subscriber
-- Up-to-date: /home/ws/src/Overlord100-controller/install/overlord100_controller/lib/overlord100_controller/cmd_vel_publisher
-- Up-to-date: /home/ws/src/Overlord100-controller/install/overlord100_controller/share/ament_index/resource_index/package_run_dependencies/overlord100_controller
-- Up-to-date: /home/ws/src/Overlord100-controller/install/overlord100_controller/share/ament_index/resource_index/parent_prefix_path/overlord100_controller
-- Up-to-date: /home/ws/src/Overlord100-controller/install/overlord100_controller/share/overlord100_controller/environment/ament_prefix_path.sh
-- Up-to-date: /home/ws/src/Overlord100-controller/install/overlord100_controller/share/overlord100_controller/environment/ament_prefix_path.dsv
-- Up-to-date: /home/ws/src/Overlord100-controller/install/overlord100_controller/share/overlord100_controller/environment/path.sh
-- Up-to-date: /home/ws/src/Overlord100-controller/install/overlord100_controller/share/overlord100_controller/environment/path.dsv
-- Up-to-date: /home/ws/src/Overlord100-controller/install/overlord100_controller/share/overlord100_controller/local_setup.bash
-- Up-to-date: /home/ws/src/Overlord100-controller/install/overlord100_controller/share/overlord100_controller/local_setup.sh
-- Up-to-date: /home/ws/src/Overlord100-controller/install/overlord100_controller/share/overlord100_controller/local_setup.zsh
-- Up-to-date: /home/ws/src/Overlord100-controller/install/overlord100_controller/share/overlord100_controller/local_setup.dsv
-- Installing: /home/ws/src/Overlord100-controller/install/overlord100_controller/share/overlord100_controller/package.dsv
-- Up-to-date: /home/ws/src/Overlord100-controller/install/overlord100_controller/share/ament_index/resource_index/packages/overlord100_controller
-- Up-to-date: /home/ws/src/Overlord100-controller/install/overlord100_controller/share/overlord100_controller/cmake/overlord100_controllerConfig.cmake
-- Up-to-date: /home/ws/src/Overlord100-controller/install/overlord100_controller/share/overlord100_controller/cmake/overlord100_controllerConfig-version.cmake
-- Up-to-date: /home/ws/src/Overlord100-controller/install/overlord100_controller/share/overlord100_controller/package.xml
