[0.024s] Invoking command in '/home/ws/src/Overlord100-controller/build/overlord100_controller': AMENT_PREFIX_PATH=/home/ws/src/Overlord100-controller/install/overlord100_msgs CMAKE_PREFIX_PATH=/home/ws/src/Overlord100-controller/install/overlord100_msgs LD_LIBRARY_PATH=/home/ws/src/Overlord100-controller/install/overlord100_msgs/lib PYTHONPATH=/home/ws/src/Overlord100-controller/install/overlord100_msgs/local/lib/python3.10/dist-packages /usr/bin/cmake --build /home/ws/src/Overlord100-controller/build/overlord100_controller -- -j8 -l8
[0.107s] [35m[1mConsolidate compiler generated dependencies of target controller_subscriber[0m
[0.109s] [35m[1mConsolidate compiler generated dependencies of target diff_drive_controller[0m
[0.109s] [35m[1mConsolidate compiler generated dependencies of target cmd_vel_publisher[0m
[0.145s] [100%] Built target diff_drive_controller
[0.146s] [100%] Built target controller_subscriber
[0.146s] [100%] Built target cmd_vel_publisher
[0.168s] Invoked command in '/home/ws/src/Overlord100-controller/build/overlord100_controller' returned '0': AMENT_PREFIX_PATH=/home/ws/src/Overlord100-controller/install/overlord100_msgs CMAKE_PREFIX_PATH=/home/ws/src/Overlord100-controller/install/overlord100_msgs LD_LIBRARY_PATH=/home/ws/src/Overlord100-controller/install/overlord100_msgs/lib PYTHONPATH=/home/ws/src/Overlord100-controller/install/overlord100_msgs/local/lib/python3.10/dist-packages /usr/bin/cmake --build /home/ws/src/Overlord100-controller/build/overlord100_controller -- -j8 -l8
[0.241s] Invoking command in '/home/ws/src/Overlord100-controller/build/overlord100_controller': AMENT_PREFIX_PATH=/home/ws/src/Overlord100-controller/install/overlord100_msgs CMAKE_PREFIX_PATH=/home/ws/src/Overlord100-controller/install/overlord100_msgs LD_LIBRARY_PATH=/home/ws/src/Overlord100-controller/install/overlord100_msgs/lib PYTHONPATH=/home/ws/src/Overlord100-controller/install/overlord100_msgs/local/lib/python3.10/dist-packages /usr/bin/cmake --install /home/ws/src/Overlord100-controller/build/overlord100_controller
[0.253s] -- Install configuration: ""
[0.254s] -- Up-to-date: /home/ws/src/Overlord100-controller/install/overlord100_controller/lib/overlord100_controller/diff_drive_controller
[0.255s] -- Up-to-date: /home/ws/src/Overlord100-controller/install/overlord100_controller/lib/overlord100_controller/controller_subscriber
[0.256s] -- Up-to-date: /home/ws/src/Overlord100-controller/install/overlord100_controller/lib/overlord100_controller/cmd_vel_publisher
[0.256s] -- Up-to-date: /home/ws/src/Overlord100-controller/install/overlord100_controller/share/ament_index/resource_index/package_run_dependencies/overlord100_controller
[0.257s] -- Up-to-date: /home/ws/src/Overlord100-controller/install/overlord100_controller/share/ament_index/resource_index/parent_prefix_path/overlord100_controller
[0.257s] -- Up-to-date: /home/ws/src/Overlord100-controller/install/overlord100_controller/share/overlord100_controller/environment/ament_prefix_path.sh
[0.257s] -- Up-to-date: /home/ws/src/Overlord100-controller/install/overlord100_controller/share/overlord100_controller/environment/ament_prefix_path.dsv
[0.258s] -- Up-to-date: /home/ws/src/Overlord100-controller/install/overlord100_controller/share/overlord100_controller/environment/path.sh
[0.258s] -- Up-to-date: /home/ws/src/Overlord100-controller/install/overlord100_controller/share/overlord100_controller/environment/path.dsv
[0.258s] -- Up-to-date: /home/ws/src/Overlord100-controller/install/overlord100_controller/share/overlord100_controller/local_setup.bash
[0.258s] -- Up-to-date: /home/ws/src/Overlord100-controller/install/overlord100_controller/share/overlord100_controller/local_setup.sh
[0.258s] -- Up-to-date: /home/ws/src/Overlord100-controller/install/overlord100_controller/share/overlord100_controller/local_setup.zsh
[0.258s] -- Up-to-date: /home/ws/src/Overlord100-controller/install/overlord100_controller/share/overlord100_controller/local_setup.dsv
[0.259s] -- Installing: /home/ws/src/Overlord100-controller/install/overlord100_controller/share/overlord100_controller/package.dsv
[0.259s] -- Up-to-date: /home/ws/src/Overlord100-controller/install/overlord100_controller/share/ament_index/resource_index/packages/overlord100_controller
[0.259s] -- Up-to-date: /home/ws/src/Overlord100-controller/install/overlord100_controller/share/overlord100_controller/cmake/overlord100_controllerConfig.cmake
[0.260s] -- Up-to-date: /home/ws/src/Overlord100-controller/install/overlord100_controller/share/overlord100_controller/cmake/overlord100_controllerConfig-version.cmake
[0.260s] -- Up-to-date: /home/ws/src/Overlord100-controller/install/overlord100_controller/share/overlord100_controller/package.xml
[0.263s] Invoked command in '/home/ws/src/Overlord100-controller/build/overlord100_controller' returned '0': AMENT_PREFIX_PATH=/home/ws/src/Overlord100-controller/install/overlord100_msgs CMAKE_PREFIX_PATH=/home/ws/src/Overlord100-controller/install/overlord100_msgs LD_LIBRARY_PATH=/home/ws/src/Overlord100-controller/install/overlord100_msgs/lib PYTHONPATH=/home/ws/src/Overlord100-controller/install/overlord100_msgs/local/lib/python3.10/dist-packages /usr/bin/cmake --install /home/ws/src/Overlord100-controller/build/overlord100_controller
