[0.123s] DEBUG:colcon:Command line arguments: ['/usr/bin/colcon', 'build', '--packages-select', 'overlord100_controller']
[0.123s] DEBUG:colcon:Parsed command line arguments: Namespace(log_base=None, log_level=None, verb_name='build', build_base='build', install_base='install', merge_install=False, symlink_install=False, test_result_base=None, continue_on_error=False, executor='parallel', parallel_workers=8, event_handlers=None, ignore_user_meta=False, metas=['./colcon.meta'], base_paths=['.'], packages_ignore=None, packages_ignore_regex=None, paths=None, packages_up_to=None, packages_up_to_regex=None, packages_above=None, packages_above_and_dependencies=None, packages_above_depth=None, packages_select_by_dep=None, packages_skip_by_dep=None, packages_skip_up_to=None, packages_select_build_failed=False, packages_skip_build_finished=False, packages_select_test_failures=False, packages_skip_test_passed=False, packages_select=['overlord100_controller'], packages_skip=None, packages_select_regex=None, packages_skip_regex=None, packages_start=None, packages_end=None, cmake_args=None, cmake_target=None, cmake_target_skip_unavailable=False, cmake_clean_cache=False, cmake_clean_first=False, cmake_force_configure=False, ament_cmake_args=None, catkin_cmake_args=None, catkin_skip_building_tests=False, mixin_files=None, mixin=None, verb_parser=<colcon_mixin.mixin.mixin_argument.MixinArgumentDecorator object at 0x7836a4bcfc40>, verb_extension=<colcon_core.verb.build.BuildVerb object at 0x7836a4bcf760>, main=<bound method BuildVerb.main of <colcon_core.verb.build.BuildVerb object at 0x7836a4bcf760>>, mixin_verb=('build',))
[0.256s] Level 1:colcon.colcon_core.package_discovery:discover_packages(colcon_meta) check parameters
[0.257s] Level 1:colcon.colcon_core.package_discovery:discover_packages(recursive) check parameters
[0.257s] Level 1:colcon.colcon_core.package_discovery:discover_packages(ignore) check parameters
[0.257s] Level 1:colcon.colcon_core.package_discovery:discover_packages(path) check parameters
[0.257s] Level 1:colcon.colcon_core.package_discovery:discover_packages(colcon_meta) discover
[0.257s] Level 1:colcon.colcon_core.package_discovery:discover_packages(recursive) discover
[0.257s] INFO:colcon.colcon_core.package_discovery:Crawling recursively for packages in '/home/ws/src/Overlord100-controller'
[0.257s] Level 1:colcon.colcon_core.package_identification:_identify(.) by extensions ['ignore', 'ignore_ament_install']
[0.257s] Level 1:colcon.colcon_core.package_identification:_identify(.) by extension 'ignore'
[0.257s] Level 1:colcon.colcon_core.package_identification:_identify(.) by extension 'ignore_ament_install'
[0.257s] Level 1:colcon.colcon_core.package_identification:_identify(.) by extensions ['colcon_pkg']
[0.257s] Level 1:colcon.colcon_core.package_identification:_identify(.) by extension 'colcon_pkg'
[0.257s] Level 1:colcon.colcon_core.package_identification:_identify(.) by extensions ['colcon_meta']
[0.258s] Level 1:colcon.colcon_core.package_identification:_identify(.) by extension 'colcon_meta'
[0.258s] Level 1:colcon.colcon_core.package_identification:_identify(.) by extensions ['ros']
[0.258s] Level 1:colcon.colcon_core.package_identification:_identify(.) by extension 'ros'
[0.271s] Level 1:colcon.colcon_core.package_identification:_identify(.) by extensions ['cmake', 'python']
[0.271s] Level 1:colcon.colcon_core.package_identification:_identify(.) by extension 'cmake'
[0.271s] Level 1:colcon.colcon_core.package_identification:_identify(.) by extension 'python'
[0.272s] Level 1:colcon.colcon_core.package_identification:_identify(.) by extensions ['python_setup_py']
[0.272s] Level 1:colcon.colcon_core.package_identification:_identify(.) by extension 'python_setup_py'
[0.272s] Level 1:colcon.colcon_core.package_identification:_identify(build) by extensions ['ignore', 'ignore_ament_install']
[0.272s] Level 1:colcon.colcon_core.package_identification:_identify(build) by extension 'ignore'
[0.272s] Level 1:colcon.colcon_core.package_identification:_identify(build) ignored
[0.272s] Level 1:colcon.colcon_core.package_identification:_identify(install) by extensions ['ignore', 'ignore_ament_install']
[0.272s] Level 1:colcon.colcon_core.package_identification:_identify(install) by extension 'ignore'
[0.272s] Level 1:colcon.colcon_core.package_identification:_identify(install) ignored
[0.272s] Level 1:colcon.colcon_core.package_identification:_identify(log) by extensions ['ignore', 'ignore_ament_install']
[0.272s] Level 1:colcon.colcon_core.package_identification:_identify(log) by extension 'ignore'
[0.272s] Level 1:colcon.colcon_core.package_identification:_identify(log) ignored
[0.273s] Level 1:colcon.colcon_core.package_identification:_identify(overlord100_controller) by extensions ['ignore', 'ignore_ament_install']
[0.273s] Level 1:colcon.colcon_core.package_identification:_identify(overlord100_controller) by extension 'ignore'
[0.273s] Level 1:colcon.colcon_core.package_identification:_identify(overlord100_controller) by extension 'ignore_ament_install'
[0.273s] Level 1:colcon.colcon_core.package_identification:_identify(overlord100_controller) by extensions ['colcon_pkg']
[0.273s] Level 1:colcon.colcon_core.package_identification:_identify(overlord100_controller) by extension 'colcon_pkg'
[0.273s] Level 1:colcon.colcon_core.package_identification:_identify(overlord100_controller) by extensions ['colcon_meta']
[0.273s] Level 1:colcon.colcon_core.package_identification:_identify(overlord100_controller) by extension 'colcon_meta'
[0.273s] Level 1:colcon.colcon_core.package_identification:_identify(overlord100_controller) by extensions ['ros']
[0.273s] Level 1:colcon.colcon_core.package_identification:_identify(overlord100_controller) by extension 'ros'
[0.276s] DEBUG:colcon.colcon_core.package_identification:Package 'overlord100_controller' with type 'ros.ament_cmake' and name 'overlord100_controller'
[0.276s] Level 1:colcon.colcon_core.package_identification:_identify(overlord100_msgs) by extensions ['ignore', 'ignore_ament_install']
[0.276s] Level 1:colcon.colcon_core.package_identification:_identify(overlord100_msgs) by extension 'ignore'
[0.276s] Level 1:colcon.colcon_core.package_identification:_identify(overlord100_msgs) by extension 'ignore_ament_install'
[0.276s] Level 1:colcon.colcon_core.package_identification:_identify(overlord100_msgs) by extensions ['colcon_pkg']
[0.276s] Level 1:colcon.colcon_core.package_identification:_identify(overlord100_msgs) by extension 'colcon_pkg'
[0.276s] Level 1:colcon.colcon_core.package_identification:_identify(overlord100_msgs) by extensions ['colcon_meta']
[0.276s] Level 1:colcon.colcon_core.package_identification:_identify(overlord100_msgs) by extension 'colcon_meta'
[0.276s] Level 1:colcon.colcon_core.package_identification:_identify(overlord100_msgs) by extensions ['ros']
[0.276s] Level 1:colcon.colcon_core.package_identification:_identify(overlord100_msgs) by extension 'ros'
[0.277s] DEBUG:colcon.colcon_core.package_identification:Package 'overlord100_msgs' with type 'ros.ament_cmake' and name 'overlord100_msgs'
[0.277s] Level 1:colcon.colcon_core.package_discovery:discover_packages(recursive) using defaults
[0.277s] Level 1:colcon.colcon_core.package_discovery:discover_packages(ignore) discover
[0.277s] Level 1:colcon.colcon_core.package_discovery:discover_packages(ignore) using defaults
[0.277s] Level 1:colcon.colcon_core.package_discovery:discover_packages(path) discover
[0.277s] Level 1:colcon.colcon_core.package_discovery:discover_packages(path) using defaults
[0.298s] INFO:colcon.colcon_core.package_selection:Skipping not selected package 'overlord100_msgs' in 'overlord100_msgs'
[0.299s] Level 5:colcon.colcon_core.verb:set package 'overlord100_controller' build argument 'cmake_args' from command line to 'None'
[0.299s] Level 5:colcon.colcon_core.verb:set package 'overlord100_controller' build argument 'cmake_target' from command line to 'None'
[0.299s] Level 5:colcon.colcon_core.verb:set package 'overlord100_controller' build argument 'cmake_target_skip_unavailable' from command line to 'False'
[0.299s] Level 5:colcon.colcon_core.verb:set package 'overlord100_controller' build argument 'cmake_clean_cache' from command line to 'False'
[0.299s] Level 5:colcon.colcon_core.verb:set package 'overlord100_controller' build argument 'cmake_clean_first' from command line to 'False'
[0.299s] Level 5:colcon.colcon_core.verb:set package 'overlord100_controller' build argument 'cmake_force_configure' from command line to 'False'
[0.299s] Level 5:colcon.colcon_core.verb:set package 'overlord100_controller' build argument 'ament_cmake_args' from command line to 'None'
[0.299s] Level 5:colcon.colcon_core.verb:set package 'overlord100_controller' build argument 'catkin_cmake_args' from command line to 'None'
[0.299s] Level 5:colcon.colcon_core.verb:set package 'overlord100_controller' build argument 'catkin_skip_building_tests' from command line to 'False'
[0.299s] DEBUG:colcon.colcon_core.verb:Building package 'overlord100_controller' with the following arguments: {'ament_cmake_args': None, 'build_base': '/home/ws/src/Overlord100-controller/build/overlord100_controller', 'catkin_cmake_args': None, 'catkin_skip_building_tests': False, 'cmake_args': None, 'cmake_clean_cache': False, 'cmake_clean_first': False, 'cmake_force_configure': False, 'cmake_target': None, 'cmake_target_skip_unavailable': False, 'install_base': '/home/ws/src/Overlord100-controller/install/overlord100_controller', 'merge_install': False, 'path': '/home/ws/src/Overlord100-controller/overlord100_controller', 'symlink_install': False, 'test_result_base': None}
[0.299s] INFO:colcon.colcon_core.executor:Executing jobs using 'parallel' executor
[0.300s] DEBUG:colcon.colcon_parallel_executor.executor.parallel:run_until_complete
[0.300s] INFO:colcon.colcon_ros.task.ament_cmake.build:Building ROS package in '/home/ws/src/Overlord100-controller/overlord100_controller' with build type 'ament_cmake'
[0.301s] INFO:colcon.colcon_cmake.task.cmake.build:Building CMake package in '/home/ws/src/Overlord100-controller/overlord100_controller'
[0.303s] INFO:colcon.colcon_core.plugin_system:Skipping extension 'colcon_core.shell.bat': Not used on non-Windows systems
[0.303s] INFO:colcon.colcon_core.shell:Skip shell extension 'powershell' for command environment: Not usable outside of PowerShell
[0.303s] DEBUG:colcon.colcon_core.shell:Skip shell extension 'dsv' for command environment
[0.325s] DEBUG:colcon.colcon_core.event_handler.log_command:Invoking command in '/home/ws/src/Overlord100-controller/build/overlord100_controller': AMENT_PREFIX_PATH=/home/ws/src/Overlord100-controller/install/overlord100_msgs CMAKE_PREFIX_PATH=/home/ws/src/Overlord100-controller/install/overlord100_msgs LD_LIBRARY_PATH=/home/ws/src/Overlord100-controller/install/overlord100_msgs/lib PYTHONPATH=/home/ws/src/Overlord100-controller/install/overlord100_msgs/local/lib/python3.10/dist-packages /usr/bin/cmake --build /home/ws/src/Overlord100-controller/build/overlord100_controller -- -j8 -l8
[0.469s] DEBUG:colcon.colcon_core.event_handler.log_command:Invoked command in '/home/ws/src/Overlord100-controller/build/overlord100_controller' returned '0': AMENT_PREFIX_PATH=/home/ws/src/Overlord100-controller/install/overlord100_msgs CMAKE_PREFIX_PATH=/home/ws/src/Overlord100-controller/install/overlord100_msgs LD_LIBRARY_PATH=/home/ws/src/Overlord100-controller/install/overlord100_msgs/lib PYTHONPATH=/home/ws/src/Overlord100-controller/install/overlord100_msgs/local/lib/python3.10/dist-packages /usr/bin/cmake --build /home/ws/src/Overlord100-controller/build/overlord100_controller -- -j8 -l8
[0.542s] DEBUG:colcon.colcon_core.event_handler.log_command:Invoking command in '/home/ws/src/Overlord100-controller/build/overlord100_controller': AMENT_PREFIX_PATH=/home/ws/src/Overlord100-controller/install/overlord100_msgs CMAKE_PREFIX_PATH=/home/ws/src/Overlord100-controller/install/overlord100_msgs LD_LIBRARY_PATH=/home/ws/src/Overlord100-controller/install/overlord100_msgs/lib PYTHONPATH=/home/ws/src/Overlord100-controller/install/overlord100_msgs/local/lib/python3.10/dist-packages /usr/bin/cmake --install /home/ws/src/Overlord100-controller/build/overlord100_controller
[0.564s] Level 1:colcon.colcon_core.environment:create_environment_scripts_only(overlord100_controller)
[0.564s] DEBUG:colcon.colcon_core.event_handler.log_command:Invoked command in '/home/ws/src/Overlord100-controller/build/overlord100_controller' returned '0': AMENT_PREFIX_PATH=/home/ws/src/Overlord100-controller/install/overlord100_msgs CMAKE_PREFIX_PATH=/home/ws/src/Overlord100-controller/install/overlord100_msgs LD_LIBRARY_PATH=/home/ws/src/Overlord100-controller/install/overlord100_msgs/lib PYTHONPATH=/home/ws/src/Overlord100-controller/install/overlord100_msgs/local/lib/python3.10/dist-packages /usr/bin/cmake --install /home/ws/src/Overlord100-controller/build/overlord100_controller
[0.568s] Level 1:colcon.colcon_core.environment:checking '/home/ws/src/Overlord100-controller/install/overlord100_controller' for CMake module files
[0.569s] Level 1:colcon.colcon_core.environment:checking '/home/ws/src/Overlord100-controller/install/overlord100_controller' for CMake config files
[0.570s] Level 1:colcon.colcon_core.shell:create_environment_hook('overlord100_controller', 'cmake_prefix_path')
[0.570s] INFO:colcon.colcon_core.shell:Creating environment hook '/home/ws/src/Overlord100-controller/install/overlord100_controller/share/overlord100_controller/hook/cmake_prefix_path.ps1'
[0.571s] INFO:colcon.colcon_core.shell:Creating environment descriptor '/home/ws/src/Overlord100-controller/install/overlord100_controller/share/overlord100_controller/hook/cmake_prefix_path.dsv'
[0.572s] INFO:colcon.colcon_core.shell:Creating environment hook '/home/ws/src/Overlord100-controller/install/overlord100_controller/share/overlord100_controller/hook/cmake_prefix_path.sh'
[0.574s] Level 1:colcon.colcon_core.environment:checking '/home/ws/src/Overlord100-controller/install/overlord100_controller/lib'
[0.574s] Level 1:colcon.colcon_core.environment:checking '/home/ws/src/Overlord100-controller/install/overlord100_controller/bin'
[0.574s] Level 1:colcon.colcon_core.environment:checking '/home/ws/src/Overlord100-controller/install/overlord100_controller/lib/pkgconfig/overlord100_controller.pc'
[0.577s] Level 1:colcon.colcon_core.environment:checking '/home/ws/src/Overlord100-controller/install/overlord100_controller/lib/python3.10/site-packages'
[0.578s] Level 1:colcon.colcon_core.environment:checking '/home/ws/src/Overlord100-controller/install/overlord100_controller/bin'
[0.578s] INFO:colcon.colcon_core.shell:Creating package script '/home/ws/src/Overlord100-controller/install/overlord100_controller/share/overlord100_controller/package.ps1'
[0.579s] INFO:colcon.colcon_core.shell:Creating package descriptor '/home/ws/src/Overlord100-controller/install/overlord100_controller/share/overlord100_controller/package.dsv'
[0.581s] INFO:colcon.colcon_core.shell:Creating package script '/home/ws/src/Overlord100-controller/install/overlord100_controller/share/overlord100_controller/package.sh'
[0.582s] INFO:colcon.colcon_core.shell:Creating package script '/home/ws/src/Overlord100-controller/install/overlord100_controller/share/overlord100_controller/package.bash'
[0.583s] INFO:colcon.colcon_core.shell:Creating package script '/home/ws/src/Overlord100-controller/install/overlord100_controller/share/overlord100_controller/package.zsh'
[0.584s] Level 1:colcon.colcon_core.environment:create_file_with_runtime_dependencies(/home/ws/src/Overlord100-controller/install/overlord100_controller/share/colcon-core/packages/overlord100_controller)
[0.635s] Level 1:colcon.colcon_core.environment:create_environment_scripts_only(overlord100_controller)
[0.635s] Level 1:colcon.colcon_core.environment:checking '/home/ws/src/Overlord100-controller/install/overlord100_controller' for CMake module files
[0.636s] Level 1:colcon.colcon_core.environment:checking '/home/ws/src/Overlord100-controller/install/overlord100_controller' for CMake config files
[0.637s] Level 1:colcon.colcon_core.shell:create_environment_hook('overlord100_controller', 'cmake_prefix_path')
[0.637s] INFO:colcon.colcon_core.shell:Creating environment hook '/home/ws/src/Overlord100-controller/install/overlord100_controller/share/overlord100_controller/hook/cmake_prefix_path.ps1'
[0.638s] INFO:colcon.colcon_core.shell:Creating environment descriptor '/home/ws/src/Overlord100-controller/install/overlord100_controller/share/overlord100_controller/hook/cmake_prefix_path.dsv'
[0.638s] INFO:colcon.colcon_core.shell:Creating environment hook '/home/ws/src/Overlord100-controller/install/overlord100_controller/share/overlord100_controller/hook/cmake_prefix_path.sh'
[0.639s] Level 1:colcon.colcon_core.environment:checking '/home/ws/src/Overlord100-controller/install/overlord100_controller/lib'
[0.639s] Level 1:colcon.colcon_core.environment:checking '/home/ws/src/Overlord100-controller/install/overlord100_controller/bin'
[0.639s] Level 1:colcon.colcon_core.environment:checking '/home/ws/src/Overlord100-controller/install/overlord100_controller/lib/pkgconfig/overlord100_controller.pc'
[0.640s] Level 1:colcon.colcon_core.environment:checking '/home/ws/src/Overlord100-controller/install/overlord100_controller/lib/python3.10/site-packages'
[0.640s] Level 1:colcon.colcon_core.environment:checking '/home/ws/src/Overlord100-controller/install/overlord100_controller/bin'
[0.640s] INFO:colcon.colcon_core.shell:Creating package script '/home/ws/src/Overlord100-controller/install/overlord100_controller/share/overlord100_controller/package.ps1'
[0.641s] INFO:colcon.colcon_core.shell:Creating package descriptor '/home/ws/src/Overlord100-controller/install/overlord100_controller/share/overlord100_controller/package.dsv'
[0.642s] INFO:colcon.colcon_core.shell:Creating package script '/home/ws/src/Overlord100-controller/install/overlord100_controller/share/overlord100_controller/package.sh'
[0.642s] INFO:colcon.colcon_core.shell:Creating package script '/home/ws/src/Overlord100-controller/install/overlord100_controller/share/overlord100_controller/package.bash'
[0.643s] INFO:colcon.colcon_core.shell:Creating package script '/home/ws/src/Overlord100-controller/install/overlord100_controller/share/overlord100_controller/package.zsh'
[0.643s] Level 1:colcon.colcon_core.environment:create_file_with_runtime_dependencies(/home/ws/src/Overlord100-controller/install/overlord100_controller/share/colcon-core/packages/overlord100_controller)
[0.644s] DEBUG:colcon.colcon_parallel_executor.executor.parallel:closing loop
[0.644s] DEBUG:colcon.colcon_parallel_executor.executor.parallel:loop closed
[0.644s] DEBUG:colcon.colcon_parallel_executor.executor.parallel:run_until_complete finished with '0'
[0.644s] DEBUG:colcon.colcon_core.event_reactor:joining thread
[0.653s] INFO:colcon.colcon_core.plugin_system:Skipping extension 'colcon_notification.desktop_notification.notify_send': Could not find 'notify-send'
[0.653s] INFO:colcon.colcon_core.plugin_system:Skipping extension 'colcon_notification.desktop_notification.terminal_notifier': Not used on non-Darwin systems
[0.653s] INFO:colcon.colcon_core.plugin_system:Skipping extension 'colcon_notification.desktop_notification.win32': Not used on non-Windows systems
[0.653s] INFO:colcon.colcon_notification.desktop_notification:Sending desktop notification using 'notify2'
[0.659s] DEBUG:colcon.colcon_notification.desktop_notification.notify2:Failed to initialize notify2: org.freedesktop.DBus.Error.Spawn.ExecFailed: /usr/bin/dbus-launch terminated abnormally without any error message
[0.659s] DEBUG:colcon.colcon_core.event_reactor:joined thread
[0.660s] INFO:colcon.colcon_core.shell:Creating prefix script '/home/ws/src/Overlord100-controller/install/local_setup.ps1'
[0.662s] INFO:colcon.colcon_core.shell:Creating prefix util module '/home/ws/src/Overlord100-controller/install/_local_setup_util_ps1.py'
[0.665s] INFO:colcon.colcon_core.shell:Creating prefix chain script '/home/ws/src/Overlord100-controller/install/setup.ps1'
[0.667s] INFO:colcon.colcon_core.shell:Creating prefix script '/home/ws/src/Overlord100-controller/install/local_setup.sh'
[0.668s] INFO:colcon.colcon_core.shell:Creating prefix util module '/home/ws/src/Overlord100-controller/install/_local_setup_util_sh.py'
[0.669s] INFO:colcon.colcon_core.shell:Creating prefix chain script '/home/ws/src/Overlord100-controller/install/setup.sh'
[0.671s] INFO:colcon.colcon_core.shell:Creating prefix script '/home/ws/src/Overlord100-controller/install/local_setup.bash'
[0.672s] INFO:colcon.colcon_core.shell:Creating prefix chain script '/home/ws/src/Overlord100-controller/install/setup.bash'
[0.673s] INFO:colcon.colcon_core.shell:Creating prefix script '/home/ws/src/Overlord100-controller/install/local_setup.zsh'
[0.674s] INFO:colcon.colcon_core.shell:Creating prefix chain script '/home/ws/src/Overlord100-controller/install/setup.zsh'
