[0.020s] Invoking command in '/home/ws/src/Overlord100-controller/build/overlord100_msgs': CMAKE_PREFIX_PATH=/opt/ros/humble /usr/bin/cmake /home/ws/src/Overlord100-controller/overlord100_msgs -DCMAKE_INSTALL_PREFIX=/home/ws/src/Overlord100-controller/install/overlord100_msgs
[0.153s] -- The C compiler identification is GNU 11.4.0
[0.253s] -- The CXX compiler identification is GNU 11.4.0
[0.269s] -- Detecting C compiler ABI info
[0.393s] -- Detecting C compiler ABI info - done
[0.404s] -- Check for working C compiler: /usr/bin/cc - skipped
[0.404s] -- Detecting C compile features
[0.405s] -- Detecting C compile features - done
[0.412s] -- Detecting CXX compiler ABI info
[0.555s] -- Detecting CXX compiler ABI info - done
[0.567s] -- Check for working CXX compiler: /usr/bin/c++ - skipped
[0.567s] -- Detecting CXX compile features
[0.568s] -- Detecting CXX compile features - done
[0.583s] -- Found ament_cmake: 1.3.9 (/opt/ros/humble/share/ament_cmake/cmake)
[0.810s] -- Found Python3: /usr/bin/python3 (found version "3.10.12") found components: Interpreter 
[1.008s] -- Found rosidl_default_generators: 1.2.0 (/opt/ros/humble/share/rosidl_default_generators/cmake)
[1.016s] -- Using all available rosidl_typesupport_c: rosidl_typesupport_fastrtps_c;rosidl_typesupport_introspection_c
[1.035s] -- Found rosidl_adapter: 3.1.5 (/opt/ros/humble/share/rosidl_adapter/cmake)
[1.126s] -- Using all available rosidl_typesupport_cpp: rosidl_typesupport_fastrtps_cpp;rosidl_typesupport_introspection_cpp
[1.558s] -- Found ament_cmake_ros: 0.10.0 (/opt/ros/humble/share/ament_cmake_ros/cmake)
[1.824s] -- Using all available rosidl_typesupport_c: rosidl_typesupport_fastrtps_c;rosidl_typesupport_introspection_c
[2.159s] -- Using all available rosidl_typesupport_cpp: rosidl_typesupport_fastrtps_cpp;rosidl_typesupport_introspection_cpp
[2.191s] -- Found PythonInterp: /usr/bin/python3 (found suitable version "3.10.12", minimum required is "3.6") 
[2.197s] -- Found python_cmake_module: 0.10.0 (/opt/ros/humble/share/python_cmake_module/cmake)
[2.240s] -- Found PythonLibs: /usr/lib/x86_64-linux-gnu/libpython3.10.so (found suitable version "3.10.12", minimum required is "3.5") 
[2.240s] -- Using PYTHON_EXECUTABLE: /usr/bin/python3
[2.240s] -- Using PYTHON_INCLUDE_DIRS: /usr/include/python3.10
[2.240s] -- Using PYTHON_LIBRARIES: /usr/lib/x86_64-linux-gnu/libpython3.10.so
[2.272s] -- Found PythonExtra: .so  
[2.327s] -- Found ament_lint_auto: 0.12.11 (/opt/ros/humble/share/ament_lint_auto/cmake)
[2.379s] -- Added test 'lint_cmake' to check CMake code style
[2.381s] -- Added test 'xmllint' to check XML markup files
[2.385s] -- Configuring done
[2.428s] -- Generating done
[2.433s] -- Build files have been written to: /home/ws/src/Overlord100-controller/build/overlord100_msgs
[2.443s] Invoked command in '/home/ws/src/Overlord100-controller/build/overlord100_msgs' returned '0': CMAKE_PREFIX_PATH=/opt/ros/humble /usr/bin/cmake /home/ws/src/Overlord100-controller/overlord100_msgs -DCMAKE_INSTALL_PREFIX=/home/ws/src/Overlord100-controller/install/overlord100_msgs
[2.448s] Invoking command in '/home/ws/src/Overlord100-controller/build/overlord100_msgs': CMAKE_PREFIX_PATH=/opt/ros/humble /usr/bin/cmake --build /home/ws/src/Overlord100-controller/build/overlord100_msgs -- -j8 -l8
[2.525s] [  3%] [34m[1mGenerating C code for ROS interfaces[0m
[2.535s] [  6%] [34m[1mGenerating C++ code for ROS interfaces[0m
[2.551s] [  6%] Built target ament_cmake_python_copy_overlord100_msgs
[2.927s] [  6%] Built target overlord100_msgs__cpp
[2.928s] running egg_info
[2.930s] creating overlord100_msgs.egg-info
[2.930s] writing overlord100_msgs.egg-info/PKG-INFO
[2.931s] writing dependency_links to overlord100_msgs.egg-info/dependency_links.txt
[2.932s] writing top-level names to overlord100_msgs.egg-info/top_level.txt
[2.933s] writing manifest file 'overlord100_msgs.egg-info/SOURCES.txt'
[2.938s] reading manifest file 'overlord100_msgs.egg-info/SOURCES.txt'
[2.939s] writing manifest file 'overlord100_msgs.egg-info/SOURCES.txt'
[2.948s] [ 16%] [34m[1mGenerating C++ introspection for ROS interfaces[0m
[2.949s] [ 16%] [34m[1mGenerating C++ type support dispatch for ROS interfaces[0m
[2.949s] [ 16%] [34m[1mGenerating C++ type support for eProsima Fast-RTPS[0m
[2.955s] [ 19%] [32mBuilding C object CMakeFiles/overlord100_msgs__rosidl_generator_c.dir/rosidl_generator_c/overlord100_msgs/msg/detail/wheels_data__functions.c.o[0m
[3.002s] [ 19%] Built target ament_cmake_python_build_overlord100_msgs_egg
[3.061s] [ 22%] [32m[1mLinking C shared library liboverlord100_msgs__rosidl_generator_c.so[0m
[3.128s] [ 22%] Built target overlord100_msgs__rosidl_generator_c
[3.146s] [ 29%] [34m[1mGenerating C type support dispatch for ROS interfaces[0m
[3.147s] [ 29%] [34m[1mGenerating C introspection for ROS interfaces[0m
[3.151s] [ 32%] [34m[1mGenerating C type support for eProsima Fast-RTPS[0m
[3.451s] [ 35%] [32mBuilding CXX object CMakeFiles/overlord100_msgs__rosidl_typesupport_cpp.dir/rosidl_typesupport_cpp/overlord100_msgs/msg/wheels_data__type_support.cpp.o[0m
[3.480s] [ 38%] [32mBuilding CXX object CMakeFiles/overlord100_msgs__rosidl_typesupport_fastrtps_cpp.dir/rosidl_typesupport_fastrtps_cpp/overlord100_msgs/msg/detail/dds_fastrtps/wheels_data__type_support.cpp.o[0m
[3.500s] [ 41%] [32mBuilding CXX object CMakeFiles/overlord100_msgs__rosidl_typesupport_introspection_cpp.dir/rosidl_typesupport_introspection_cpp/overlord100_msgs/msg/detail/wheels_data__type_support.cpp.o[0m
[3.649s] [ 45%] [32mBuilding CXX object CMakeFiles/overlord100_msgs__rosidl_typesupport_c.dir/rosidl_typesupport_c/overlord100_msgs/msg/wheels_data__type_support.cpp.o[0m
[3.676s] [ 48%] [32mBuilding C object CMakeFiles/overlord100_msgs__rosidl_typesupport_introspection_c.dir/rosidl_typesupport_introspection_c/overlord100_msgs/msg/detail/wheels_data__type_support.c.o[0m
[3.705s] [ 51%] [32m[1mLinking CXX shared library liboverlord100_msgs__rosidl_typesupport_c.so[0m
[3.732s] [ 54%] [32mBuilding CXX object CMakeFiles/overlord100_msgs__rosidl_typesupport_fastrtps_c.dir/rosidl_typesupport_fastrtps_c/overlord100_msgs/msg/detail/wheels_data__type_support_c.cpp.o[0m
[3.747s] [ 58%] [32m[1mLinking C shared library liboverlord100_msgs__rosidl_typesupport_introspection_c.so[0m
[3.793s] [ 58%] Built target overlord100_msgs__rosidl_typesupport_c
[3.816s] [ 58%] Built target overlord100_msgs__rosidl_typesupport_introspection_c
[4.065s] [ 61%] [32m[1mLinking CXX shared library liboverlord100_msgs__rosidl_typesupport_cpp.so[0m
[4.141s] [ 61%] Built target overlord100_msgs__rosidl_typesupport_cpp
[4.182s] [ 64%] [32m[1mLinking CXX shared library liboverlord100_msgs__rosidl_typesupport_fastrtps_cpp.so[0m
[4.233s] [ 67%] [32m[1mLinking CXX shared library liboverlord100_msgs__rosidl_typesupport_introspection_cpp.so[0m
[4.310s] [ 67%] Built target overlord100_msgs__rosidl_typesupport_introspection_cpp
[4.312s] [ 70%] [32m[1mLinking CXX shared library liboverlord100_msgs__rosidl_typesupport_fastrtps_c.so[0m
[4.359s] [ 70%] Built target overlord100_msgs__rosidl_typesupport_fastrtps_cpp
[4.462s] [ 70%] Built target overlord100_msgs__rosidl_typesupport_fastrtps_c
[4.501s] [ 70%] Built target overlord100_msgs
[4.544s] [ 74%] [34m[1mGenerating Python code for ROS interfaces[0m
[4.974s] [ 74%] Built target overlord100_msgs__py
[5.027s] [ 77%] [32mBuilding C object CMakeFiles/overlord100_msgs__rosidl_generator_py.dir/rosidl_generator_py/overlord100_msgs/msg/_wheels_data_s.c.o[0m
[5.201s] [ 80%] [32m[1mLinking C shared library rosidl_generator_py/overlord100_msgs/liboverlord100_msgs__rosidl_generator_py.so[0m
[5.281s] [ 80%] Built target overlord100_msgs__rosidl_generator_py
[5.316s] [ 83%] [32mBuilding C object CMakeFiles/overlord100_msgs__rosidl_typesupport_c__pyext.dir/rosidl_generator_py/overlord100_msgs/_overlord100_msgs_s.ep.rosidl_typesupport_c.c.o[0m
[5.318s] [ 90%] [32mBuilding C object CMakeFiles/overlord100_msgs__rosidl_typesupport_introspection_c__pyext.dir/rosidl_generator_py/overlord100_msgs/_overlord100_msgs_s.ep.rosidl_typesupport_introspection_c.c.o[0m
[5.318s] [ 90%] [32mBuilding C object CMakeFiles/overlord100_msgs__rosidl_typesupport_fastrtps_c__pyext.dir/rosidl_generator_py/overlord100_msgs/_overlord100_msgs_s.ep.rosidl_typesupport_fastrtps_c.c.o[0m
[5.468s] [ 93%] [32m[1mLinking C shared library rosidl_generator_py/overlord100_msgs/overlord100_msgs_s__rosidl_typesupport_c.cpython-310-x86_64-linux-gnu.so[0m
[5.474s] [ 96%] [32m[1mLinking C shared library rosidl_generator_py/overlord100_msgs/overlord100_msgs_s__rosidl_typesupport_introspection_c.cpython-310-x86_64-linux-gnu.so[0m
[5.525s] [100%] [32m[1mLinking C shared library rosidl_generator_py/overlord100_msgs/overlord100_msgs_s__rosidl_typesupport_fastrtps_c.cpython-310-x86_64-linux-gnu.so[0m
[5.529s] [100%] Built target overlord100_msgs__rosidl_typesupport_c__pyext
[5.538s] [100%] Built target overlord100_msgs__rosidl_typesupport_introspection_c__pyext
[5.589s] [100%] Built target overlord100_msgs__rosidl_typesupport_fastrtps_c__pyext
[5.614s] Invoked command in '/home/ws/src/Overlord100-controller/build/overlord100_msgs' returned '0': CMAKE_PREFIX_PATH=/opt/ros/humble /usr/bin/cmake --build /home/ws/src/Overlord100-controller/build/overlord100_msgs -- -j8 -l8
[5.748s] Invoking command in '/home/ws/src/Overlord100-controller/build/overlord100_msgs': CMAKE_PREFIX_PATH=/opt/ros/humble /usr/bin/cmake --install /home/ws/src/Overlord100-controller/build/overlord100_msgs
[5.762s] -- Install configuration: ""
[5.762s] -- Installing: /home/ws/src/Overlord100-controller/install/overlord100_msgs/share/ament_index/resource_index/rosidl_interfaces/overlord100_msgs
[5.762s] -- Installing: /home/ws/src/Overlord100-controller/install/overlord100_msgs/include/overlord100_msgs/overlord100_msgs
[5.762s] -- Installing: /home/ws/src/Overlord100-controller/install/overlord100_msgs/include/overlord100_msgs/overlord100_msgs/msg
[5.763s] -- Installing: /home/ws/src/Overlord100-controller/install/overlord100_msgs/include/overlord100_msgs/overlord100_msgs/msg/wheels_data.h
[5.763s] -- Installing: /home/ws/src/Overlord100-controller/install/overlord100_msgs/include/overlord100_msgs/overlord100_msgs/msg/detail
[5.763s] -- Installing: /home/ws/src/Overlord100-controller/install/overlord100_msgs/include/overlord100_msgs/overlord100_msgs/msg/detail/wheels_data__functions.c
[5.764s] -- Installing: /home/ws/src/Overlord100-controller/install/overlord100_msgs/include/overlord100_msgs/overlord100_msgs/msg/detail/wheels_data__struct.h
[5.764s] -- Installing: /home/ws/src/Overlord100-controller/install/overlord100_msgs/include/overlord100_msgs/overlord100_msgs/msg/detail/wheels_data__functions.h
[5.764s] -- Installing: /home/ws/src/Overlord100-controller/install/overlord100_msgs/include/overlord100_msgs/overlord100_msgs/msg/detail/wheels_data__type_support.h
[5.764s] -- Installing: /home/ws/src/Overlord100-controller/install/overlord100_msgs/include/overlord100_msgs/overlord100_msgs/msg/rosidl_generator_c__visibility_control.h
[5.764s] -- Installing: /home/ws/src/Overlord100-controller/install/overlord100_msgs/share/overlord100_msgs/environment/library_path.sh
[5.765s] -- Installing: /home/ws/src/Overlord100-controller/install/overlord100_msgs/share/overlord100_msgs/environment/library_path.dsv
[5.765s] -- Installing: /home/ws/src/Overlord100-controller/install/overlord100_msgs/lib/liboverlord100_msgs__rosidl_generator_c.so
[5.765s] -- Set runtime path of "/home/ws/src/Overlord100-controller/install/overlord100_msgs/lib/liboverlord100_msgs__rosidl_generator_c.so" to ""
[5.765s] -- Up-to-date: /home/ws/src/Overlord100-controller/install/overlord100_msgs/include/overlord100_msgs/overlord100_msgs
[5.765s] -- Up-to-date: /home/ws/src/Overlord100-controller/install/overlord100_msgs/include/overlord100_msgs/overlord100_msgs/msg
[5.766s] -- Up-to-date: /home/ws/src/Overlord100-controller/install/overlord100_msgs/include/overlord100_msgs/overlord100_msgs/msg/detail
[5.766s] -- Installing: /home/ws/src/Overlord100-controller/install/overlord100_msgs/include/overlord100_msgs/overlord100_msgs/msg/detail/wheels_data__rosidl_typesupport_fastrtps_c.h
[5.766s] -- Installing: /home/ws/src/Overlord100-controller/install/overlord100_msgs/include/overlord100_msgs/overlord100_msgs/msg/rosidl_typesupport_fastrtps_c__visibility_control.h
[5.766s] -- Installing: /home/ws/src/Overlord100-controller/install/overlord100_msgs/lib/liboverlord100_msgs__rosidl_typesupport_fastrtps_c.so
[5.767s] -- Set runtime path of "/home/ws/src/Overlord100-controller/install/overlord100_msgs/lib/liboverlord100_msgs__rosidl_typesupport_fastrtps_c.so" to ""
[5.767s] -- Up-to-date: /home/ws/src/Overlord100-controller/install/overlord100_msgs/include/overlord100_msgs/overlord100_msgs
[5.767s] -- Up-to-date: /home/ws/src/Overlord100-controller/install/overlord100_msgs/include/overlord100_msgs/overlord100_msgs/msg
[5.767s] -- Installing: /home/ws/src/Overlord100-controller/install/overlord100_msgs/include/overlord100_msgs/overlord100_msgs/msg/rosidl_typesupport_introspection_c__visibility_control.h
[5.767s] -- Up-to-date: /home/ws/src/Overlord100-controller/install/overlord100_msgs/include/overlord100_msgs/overlord100_msgs/msg/detail
[5.767s] -- Installing: /home/ws/src/Overlord100-controller/install/overlord100_msgs/include/overlord100_msgs/overlord100_msgs/msg/detail/wheels_data__type_support.c
[5.768s] -- Installing: /home/ws/src/Overlord100-controller/install/overlord100_msgs/include/overlord100_msgs/overlord100_msgs/msg/detail/wheels_data__rosidl_typesupport_introspection_c.h
[5.768s] -- Installing: /home/ws/src/Overlord100-controller/install/overlord100_msgs/lib/liboverlord100_msgs__rosidl_typesupport_introspection_c.so
[5.768s] -- Set runtime path of "/home/ws/src/Overlord100-controller/install/overlord100_msgs/lib/liboverlord100_msgs__rosidl_typesupport_introspection_c.so" to ""
[5.769s] -- Installing: /home/ws/src/Overlord100-controller/install/overlord100_msgs/lib/liboverlord100_msgs__rosidl_typesupport_c.so
[5.769s] -- Set runtime path of "/home/ws/src/Overlord100-controller/install/overlord100_msgs/lib/liboverlord100_msgs__rosidl_typesupport_c.so" to ""
[5.769s] -- Up-to-date: /home/ws/src/Overlord100-controller/install/overlord100_msgs/include/overlord100_msgs/overlord100_msgs
[5.769s] -- Up-to-date: /home/ws/src/Overlord100-controller/install/overlord100_msgs/include/overlord100_msgs/overlord100_msgs/msg
[5.770s] -- Installing: /home/ws/src/Overlord100-controller/install/overlord100_msgs/include/overlord100_msgs/overlord100_msgs/msg/wheels_data.hpp
[5.770s] -- Up-to-date: /home/ws/src/Overlord100-controller/install/overlord100_msgs/include/overlord100_msgs/overlord100_msgs/msg/detail
[5.770s] -- Installing: /home/ws/src/Overlord100-controller/install/overlord100_msgs/include/overlord100_msgs/overlord100_msgs/msg/detail/wheels_data__traits.hpp
[5.770s] -- Installing: /home/ws/src/Overlord100-controller/install/overlord100_msgs/include/overlord100_msgs/overlord100_msgs/msg/detail/wheels_data__builder.hpp
[5.770s] -- Installing: /home/ws/src/Overlord100-controller/install/overlord100_msgs/include/overlord100_msgs/overlord100_msgs/msg/detail/wheels_data__struct.hpp
[5.770s] -- Up-to-date: /home/ws/src/Overlord100-controller/install/overlord100_msgs/include/overlord100_msgs/overlord100_msgs
[5.770s] -- Up-to-date: /home/ws/src/Overlord100-controller/install/overlord100_msgs/include/overlord100_msgs/overlord100_msgs/msg
[5.770s] -- Installing: /home/ws/src/Overlord100-controller/install/overlord100_msgs/include/overlord100_msgs/overlord100_msgs/msg/rosidl_typesupport_fastrtps_cpp__visibility_control.h
[5.771s] -- Up-to-date: /home/ws/src/Overlord100-controller/install/overlord100_msgs/include/overlord100_msgs/overlord100_msgs/msg/detail
[5.771s] -- Installing: /home/ws/src/Overlord100-controller/install/overlord100_msgs/include/overlord100_msgs/overlord100_msgs/msg/detail/dds_fastrtps
[5.771s] -- Installing: /home/ws/src/Overlord100-controller/install/overlord100_msgs/include/overlord100_msgs/overlord100_msgs/msg/detail/wheels_data__rosidl_typesupport_fastrtps_cpp.hpp
[5.771s] -- Installing: /home/ws/src/Overlord100-controller/install/overlord100_msgs/lib/liboverlord100_msgs__rosidl_typesupport_fastrtps_cpp.so
[5.772s] -- Set runtime path of "/home/ws/src/Overlord100-controller/install/overlord100_msgs/lib/liboverlord100_msgs__rosidl_typesupport_fastrtps_cpp.so" to ""
[5.772s] -- Up-to-date: /home/ws/src/Overlord100-controller/install/overlord100_msgs/include/overlord100_msgs/overlord100_msgs
[5.772s] -- Up-to-date: /home/ws/src/Overlord100-controller/install/overlord100_msgs/include/overlord100_msgs/overlord100_msgs/msg
[5.772s] -- Up-to-date: /home/ws/src/Overlord100-controller/install/overlord100_msgs/include/overlord100_msgs/overlord100_msgs/msg/detail
[5.772s] -- Installing: /home/ws/src/Overlord100-controller/install/overlord100_msgs/include/overlord100_msgs/overlord100_msgs/msg/detail/wheels_data__type_support.cpp
[5.772s] -- Installing: /home/ws/src/Overlord100-controller/install/overlord100_msgs/include/overlord100_msgs/overlord100_msgs/msg/detail/wheels_data__rosidl_typesupport_introspection_cpp.hpp
[5.772s] -- Installing: /home/ws/src/Overlord100-controller/install/overlord100_msgs/lib/liboverlord100_msgs__rosidl_typesupport_introspection_cpp.so
[5.773s] -- Set runtime path of "/home/ws/src/Overlord100-controller/install/overlord100_msgs/lib/liboverlord100_msgs__rosidl_typesupport_introspection_cpp.so" to ""
[5.773s] -- Installing: /home/ws/src/Overlord100-controller/install/overlord100_msgs/lib/liboverlord100_msgs__rosidl_typesupport_cpp.so
[5.774s] -- Set runtime path of "/home/ws/src/Overlord100-controller/install/overlord100_msgs/lib/liboverlord100_msgs__rosidl_typesupport_cpp.so" to ""
[5.774s] -- Installing: /home/ws/src/Overlord100-controller/install/overlord100_msgs/share/overlord100_msgs/environment/pythonpath.sh
[5.774s] -- Installing: /home/ws/src/Overlord100-controller/install/overlord100_msgs/share/overlord100_msgs/environment/pythonpath.dsv
[5.774s] -- Installing: /home/ws/src/Overlord100-controller/install/overlord100_msgs/local/lib/python3.10/dist-packages/overlord100_msgs-0.0.0-py3.10.egg-info
[5.774s] -- Installing: /home/ws/src/Overlord100-controller/install/overlord100_msgs/local/lib/python3.10/dist-packages/overlord100_msgs-0.0.0-py3.10.egg-info/dependency_links.txt
[5.775s] -- Installing: /home/ws/src/Overlord100-controller/install/overlord100_msgs/local/lib/python3.10/dist-packages/overlord100_msgs-0.0.0-py3.10.egg-info/PKG-INFO
[5.775s] -- Installing: /home/ws/src/Overlord100-controller/install/overlord100_msgs/local/lib/python3.10/dist-packages/overlord100_msgs-0.0.0-py3.10.egg-info/top_level.txt
[5.775s] -- Installing: /home/ws/src/Overlord100-controller/install/overlord100_msgs/local/lib/python3.10/dist-packages/overlord100_msgs-0.0.0-py3.10.egg-info/SOURCES.txt
[5.775s] -- Installing: /home/ws/src/Overlord100-controller/install/overlord100_msgs/local/lib/python3.10/dist-packages/overlord100_msgs
[5.775s] -- Installing: /home/ws/src/Overlord100-controller/install/overlord100_msgs/local/lib/python3.10/dist-packages/overlord100_msgs/liboverlord100_msgs__rosidl_generator_py.so
[5.776s] -- Installing: /home/ws/src/Overlord100-controller/install/overlord100_msgs/local/lib/python3.10/dist-packages/overlord100_msgs/__init__.py
[5.776s] -- Installing: /home/ws/src/Overlord100-controller/install/overlord100_msgs/local/lib/python3.10/dist-packages/overlord100_msgs/msg
[5.776s] -- Installing: /home/ws/src/Overlord100-controller/install/overlord100_msgs/local/lib/python3.10/dist-packages/overlord100_msgs/msg/_wheels_data.py
[5.776s] -- Installing: /home/ws/src/Overlord100-controller/install/overlord100_msgs/local/lib/python3.10/dist-packages/overlord100_msgs/msg/_wheels_data_s.c
[5.776s] -- Installing: /home/ws/src/Overlord100-controller/install/overlord100_msgs/local/lib/python3.10/dist-packages/overlord100_msgs/msg/__init__.py
[5.777s] -- Installing: /home/ws/src/Overlord100-controller/install/overlord100_msgs/local/lib/python3.10/dist-packages/overlord100_msgs/overlord100_msgs_s__rosidl_typesupport_c.cpython-310-x86_64-linux-gnu.so
[5.777s] -- Installing: /home/ws/src/Overlord100-controller/install/overlord100_msgs/local/lib/python3.10/dist-packages/overlord100_msgs/_overlord100_msgs_s.ep.rosidl_typesupport_introspection_c.c
[5.777s] -- Installing: /home/ws/src/Overlord100-controller/install/overlord100_msgs/local/lib/python3.10/dist-packages/overlord100_msgs/_overlord100_msgs_s.ep.rosidl_typesupport_c.c
[5.777s] -- Installing: /home/ws/src/Overlord100-controller/install/overlord100_msgs/local/lib/python3.10/dist-packages/overlord100_msgs/_overlord100_msgs_s.ep.rosidl_typesupport_fastrtps_c.c
[5.778s] -- Installing: /home/ws/src/Overlord100-controller/install/overlord100_msgs/local/lib/python3.10/dist-packages/overlord100_msgs/overlord100_msgs_s__rosidl_typesupport_fastrtps_c.cpython-310-x86_64-linux-gnu.so
[5.778s] -- Installing: /home/ws/src/Overlord100-controller/install/overlord100_msgs/local/lib/python3.10/dist-packages/overlord100_msgs/overlord100_msgs_s__rosidl_typesupport_introspection_c.cpython-310-x86_64-linux-gnu.so
[5.825s] Listing '/home/ws/src/Overlord100-controller/install/overlord100_msgs/local/lib/python3.10/dist-packages/overlord100_msgs'...
[5.826s] Compiling '/home/ws/src/Overlord100-controller/install/overlord100_msgs/local/lib/python3.10/dist-packages/overlord100_msgs/__init__.py'...
[5.826s] Listing '/home/ws/src/Overlord100-controller/install/overlord100_msgs/local/lib/python3.10/dist-packages/overlord100_msgs/msg'...
[5.826s] Compiling '/home/ws/src/Overlord100-controller/install/overlord100_msgs/local/lib/python3.10/dist-packages/overlord100_msgs/msg/__init__.py'...
[5.826s] Compiling '/home/ws/src/Overlord100-controller/install/overlord100_msgs/local/lib/python3.10/dist-packages/overlord100_msgs/msg/_wheels_data.py'...
[5.833s] -- Installing: /home/ws/src/Overlord100-controller/install/overlord100_msgs/local/lib/python3.10/dist-packages/overlord100_msgs/overlord100_msgs_s__rosidl_typesupport_fastrtps_c.cpython-310-x86_64-linux-gnu.so
[5.833s] -- Set runtime path of "/home/ws/src/Overlord100-controller/install/overlord100_msgs/local/lib/python3.10/dist-packages/overlord100_msgs/overlord100_msgs_s__rosidl_typesupport_fastrtps_c.cpython-310-x86_64-linux-gnu.so" to ""
[5.834s] -- Installing: /home/ws/src/Overlord100-controller/install/overlord100_msgs/local/lib/python3.10/dist-packages/overlord100_msgs/overlord100_msgs_s__rosidl_typesupport_introspection_c.cpython-310-x86_64-linux-gnu.so
[5.835s] -- Set runtime path of "/home/ws/src/Overlord100-controller/install/overlord100_msgs/local/lib/python3.10/dist-packages/overlord100_msgs/overlord100_msgs_s__rosidl_typesupport_introspection_c.cpython-310-x86_64-linux-gnu.so" to ""
[5.835s] -- Installing: /home/ws/src/Overlord100-controller/install/overlord100_msgs/local/lib/python3.10/dist-packages/overlord100_msgs/overlord100_msgs_s__rosidl_typesupport_c.cpython-310-x86_64-linux-gnu.so
[5.836s] -- Set runtime path of "/home/ws/src/Overlord100-controller/install/overlord100_msgs/local/lib/python3.10/dist-packages/overlord100_msgs/overlord100_msgs_s__rosidl_typesupport_c.cpython-310-x86_64-linux-gnu.so" to ""
[5.836s] -- Installing: /home/ws/src/Overlord100-controller/install/overlord100_msgs/lib/liboverlord100_msgs__rosidl_generator_py.so
[5.837s] -- Set runtime path of "/home/ws/src/Overlord100-controller/install/overlord100_msgs/lib/liboverlord100_msgs__rosidl_generator_py.so" to ""
[5.837s] -- Installing: /home/ws/src/Overlord100-controller/install/overlord100_msgs/share/overlord100_msgs/msg/WheelsData.idl
[5.838s] -- Installing: /home/ws/src/Overlord100-controller/install/overlord100_msgs/share/overlord100_msgs/msg/WheelsData.msg
[5.838s] -- Installing: /home/ws/src/Overlord100-controller/install/overlord100_msgs/share/ament_index/resource_index/package_run_dependencies/overlord100_msgs
[5.839s] -- Installing: /home/ws/src/Overlord100-controller/install/overlord100_msgs/share/ament_index/resource_index/parent_prefix_path/overlord100_msgs
[5.839s] -- Installing: /home/ws/src/Overlord100-controller/install/overlord100_msgs/share/overlord100_msgs/environment/ament_prefix_path.sh
[5.840s] -- Installing: /home/ws/src/Overlord100-controller/install/overlord100_msgs/share/overlord100_msgs/environment/ament_prefix_path.dsv
[5.841s] -- Installing: /home/ws/src/Overlord100-controller/install/overlord100_msgs/share/overlord100_msgs/environment/path.sh
[5.841s] -- Installing: /home/ws/src/Overlord100-controller/install/overlord100_msgs/share/overlord100_msgs/environment/path.dsv
[5.841s] -- Installing: /home/ws/src/Overlord100-controller/install/overlord100_msgs/share/overlord100_msgs/local_setup.bash
[5.841s] -- Installing: /home/ws/src/Overlord100-controller/install/overlord100_msgs/share/overlord100_msgs/local_setup.sh
[5.842s] -- Installing: /home/ws/src/Overlord100-controller/install/overlord100_msgs/share/overlord100_msgs/local_setup.zsh
[5.842s] -- Installing: /home/ws/src/Overlord100-controller/install/overlord100_msgs/share/overlord100_msgs/local_setup.dsv
[5.843s] -- Installing: /home/ws/src/Overlord100-controller/install/overlord100_msgs/share/overlord100_msgs/package.dsv
[5.843s] -- Installing: /home/ws/src/Overlord100-controller/install/overlord100_msgs/share/ament_index/resource_index/packages/overlord100_msgs
[5.843s] -- Installing: /home/ws/src/Overlord100-controller/install/overlord100_msgs/share/overlord100_msgs/cmake/export_overlord100_msgs__rosidl_generator_cExport.cmake
[5.844s] -- Installing: /home/ws/src/Overlord100-controller/install/overlord100_msgs/share/overlord100_msgs/cmake/export_overlord100_msgs__rosidl_generator_cExport-noconfig.cmake
[5.844s] -- Installing: /home/ws/src/Overlord100-controller/install/overlord100_msgs/share/overlord100_msgs/cmake/export_overlord100_msgs__rosidl_typesupport_fastrtps_cExport.cmake
[5.844s] -- Installing: /home/ws/src/Overlord100-controller/install/overlord100_msgs/share/overlord100_msgs/cmake/export_overlord100_msgs__rosidl_typesupport_fastrtps_cExport-noconfig.cmake
[5.844s] -- Installing: /home/ws/src/Overlord100-controller/install/overlord100_msgs/share/overlord100_msgs/cmake/overlord100_msgs__rosidl_typesupport_introspection_cExport.cmake
[5.845s] -- Installing: /home/ws/src/Overlord100-controller/install/overlord100_msgs/share/overlord100_msgs/cmake/overlord100_msgs__rosidl_typesupport_introspection_cExport-noconfig.cmake
[5.845s] -- Installing: /home/ws/src/Overlord100-controller/install/overlord100_msgs/share/overlord100_msgs/cmake/overlord100_msgs__rosidl_typesupport_cExport.cmake
[5.845s] -- Installing: /home/ws/src/Overlord100-controller/install/overlord100_msgs/share/overlord100_msgs/cmake/overlord100_msgs__rosidl_typesupport_cExport-noconfig.cmake
[5.846s] -- Installing: /home/ws/src/Overlord100-controller/install/overlord100_msgs/share/overlord100_msgs/cmake/export_overlord100_msgs__rosidl_generator_cppExport.cmake
[5.846s] -- Installing: /home/ws/src/Overlord100-controller/install/overlord100_msgs/share/overlord100_msgs/cmake/export_overlord100_msgs__rosidl_typesupport_fastrtps_cppExport.cmake
[5.846s] -- Installing: /home/ws/src/Overlord100-controller/install/overlord100_msgs/share/overlord100_msgs/cmake/export_overlord100_msgs__rosidl_typesupport_fastrtps_cppExport-noconfig.cmake
[5.846s] -- Installing: /home/ws/src/Overlord100-controller/install/overlord100_msgs/share/overlord100_msgs/cmake/overlord100_msgs__rosidl_typesupport_introspection_cppExport.cmake
[5.847s] -- Installing: /home/ws/src/Overlord100-controller/install/overlord100_msgs/share/overlord100_msgs/cmake/overlord100_msgs__rosidl_typesupport_introspection_cppExport-noconfig.cmake
[5.847s] -- Installing: /home/ws/src/Overlord100-controller/install/overlord100_msgs/share/overlord100_msgs/cmake/overlord100_msgs__rosidl_typesupport_cppExport.cmake
[5.847s] -- Installing: /home/ws/src/Overlord100-controller/install/overlord100_msgs/share/overlord100_msgs/cmake/overlord100_msgs__rosidl_typesupport_cppExport-noconfig.cmake
[5.847s] -- Installing: /home/ws/src/Overlord100-controller/install/overlord100_msgs/share/overlord100_msgs/cmake/export_overlord100_msgs__rosidl_generator_pyExport.cmake
[5.848s] -- Installing: /home/ws/src/Overlord100-controller/install/overlord100_msgs/share/overlord100_msgs/cmake/export_overlord100_msgs__rosidl_generator_pyExport-noconfig.cmake
[5.848s] -- Installing: /home/ws/src/Overlord100-controller/install/overlord100_msgs/share/overlord100_msgs/cmake/rosidl_cmake-extras.cmake
[5.848s] -- Installing: /home/ws/src/Overlord100-controller/install/overlord100_msgs/share/overlord100_msgs/cmake/ament_cmake_export_include_directories-extras.cmake
[5.849s] -- Installing: /home/ws/src/Overlord100-controller/install/overlord100_msgs/share/overlord100_msgs/cmake/ament_cmake_export_libraries-extras.cmake
[5.849s] -- Installing: /home/ws/src/Overlord100-controller/install/overlord100_msgs/share/overlord100_msgs/cmake/ament_cmake_export_targets-extras.cmake
[5.849s] -- Installing: /home/ws/src/Overlord100-controller/install/overlord100_msgs/share/overlord100_msgs/cmake/rosidl_cmake_export_typesupport_targets-extras.cmake
[5.850s] -- Installing: /home/ws/src/Overlord100-controller/install/overlord100_msgs/share/overlord100_msgs/cmake/ament_cmake_export_dependencies-extras.cmake
[5.850s] -- Installing: /home/ws/src/Overlord100-controller/install/overlord100_msgs/share/overlord100_msgs/cmake/rosidl_cmake_export_typesupport_libraries-extras.cmake
[5.850s] -- Installing: /home/ws/src/Overlord100-controller/install/overlord100_msgs/share/overlord100_msgs/cmake/overlord100_msgsConfig.cmake
[5.851s] -- Installing: /home/ws/src/Overlord100-controller/install/overlord100_msgs/share/overlord100_msgs/cmake/overlord100_msgsConfig-version.cmake
[5.851s] -- Installing: /home/ws/src/Overlord100-controller/install/overlord100_msgs/share/overlord100_msgs/package.xml
[5.855s] Invoked command in '/home/ws/src/Overlord100-controller/build/overlord100_msgs' returned '0': CMAKE_PREFIX_PATH=/opt/ros/humble /usr/bin/cmake --install /home/ws/src/Overlord100-controller/build/overlord100_msgs
