[0.038s] Invoking command in '/home/ekaterina/Workspace/overlord/SoftOverlord100/Overlord100-controller/overlord100_controller/build/overlord100_controller': CMAKE_PREFIX_PATH=/opt/ros/humble /usr/bin/cmake /home/ekaterina/Workspace/overlord/SoftOverlord100/Overlord100-controller/overlord100_controller -DCMAKE_INSTALL_PREFIX=/home/ekaterina/Workspace/overlord/SoftOverlord100/Overlord100-controller/overlord100_controller/install/overlord100_controller
[0.341s] -- The C compiler identification is GNU 11.4.0
[0.525s] -- The CXX compiler identification is GNU 11.4.0
[0.550s] -- Detecting C compiler ABI info
[0.753s] -- Detecting C compiler ABI info - done
[0.772s] -- Check for working C compiler: /usr/bin/cc - skipped
[0.774s] -- Detecting C compile features
[0.775s] -- Detecting C compile features - done
[0.784s] -- Detecting CXX compiler ABI info
[1.002s] -- Detecting CXX compiler ABI info - done
[1.024s] -- Check for working CXX compiler: /usr/bin/c++ - skipped
[1.025s] -- Detecting CXX compile features
[1.026s] -- Detecting CXX compile features - done
[1.046s] -- Found ament_cmake: 1.3.9 (/opt/ros/humble/share/ament_cmake/cmake)
[1.430s] -- Found Python3: /usr/bin/python3 (found version "3.10.12") found components: Interpreter 
[1.667s] -- Found rclcpp: 16.0.9 (/opt/ros/humble/share/rclcpp/cmake)
[1.781s] -- Found rosidl_generator_c: 3.1.5 (/opt/ros/humble/share/rosidl_generator_c/cmake)
[1.794s] -- Found rosidl_adapter: 3.1.5 (/opt/ros/humble/share/rosidl_adapter/cmake)
[1.817s] -- Found rosidl_generator_cpp: 3.1.5 (/opt/ros/humble/share/rosidl_generator_cpp/cmake)
[1.855s] -- Using all available rosidl_typesupport_c: rosidl_typesupport_fastrtps_c;rosidl_typesupport_introspection_c
[1.901s] -- Using all available rosidl_typesupport_cpp: rosidl_typesupport_fastrtps_cpp;rosidl_typesupport_introspection_cpp
[2.079s] -- Found rmw_implementation_cmake: 6.1.2 (/opt/ros/humble/share/rmw_implementation_cmake/cmake)
[2.086s] -- Found rmw_fastrtps_cpp: 6.2.6 (/opt/ros/humble/share/rmw_fastrtps_cpp/cmake)
[2.360s] -- Found OpenSSL: /usr/lib/x86_64-linux-gnu/libcrypto.so (found version "3.0.2")  
[2.457s] -- Found FastRTPS: /opt/ros/humble/include  
[2.625s] -- Using RMW implementation 'rmw_fastrtps_cpp' as default
[2.653s] -- Looking for pthread.h
[2.852s] -- Looking for pthread.h - found
[2.853s] -- Performing Test CMAKE_HAVE_LIBC_PTHREAD
[3.037s] -- Performing Test CMAKE_HAVE_LIBC_PTHREAD - Success
[3.039s] -- Found Threads: TRUE  
[3.372s] -- Found geometry_msgs: 4.2.4 (/opt/ros/humble/share/geometry_msgs/cmake)
[3.490s] [31mCMake Error at CMakeLists.txt:12 (find_package):
[3.491s]   By not providing "Findoverlord100_msgs.cmake" in CMAKE_MODULE_PATH this
[3.491s]   project has asked CMake to find a package configuration file provided by
[3.491s]   "overlord100_msgs", but CMake did not find one.
[3.491s] 
[3.491s]   Could not find a package configuration file provided by "overlord100_msgs"
[3.491s]   with any of the following names:
[3.491s] 
[3.491s]     overlord100_msgsConfig.cmake
[3.492s]     overlord100_msgs-config.cmake
[3.492s] 
[3.492s]   Add the installation prefix of "overlord100_msgs" to CMAKE_PREFIX_PATH or
[3.492s]   set "overlord100_msgs_DIR" to a directory containing one of the above
[3.492s]   files.  If "overlord100_msgs" provides a separate development package or
[3.492s]   SDK, be sure it has been installed.
[3.492s] 
[3.492s] [0m
[3.493s] -- Configuring incomplete, errors occurred!
[3.493s] See also "/home/ekaterina/Workspace/overlord/SoftOverlord100/Overlord100-controller/overlord100_controller/build/overlord100_controller/CMakeFiles/CMakeOutput.log".
[3.511s] Invoked command in '/home/ekaterina/Workspace/overlord/SoftOverlord100/Overlord100-controller/overlord100_controller/build/overlord100_controller' returned '1': CMAKE_PREFIX_PATH=/opt/ros/humble /usr/bin/cmake /home/ekaterina/Workspace/overlord/SoftOverlord100/Overlord100-controller/overlord100_controller -DCMAKE_INSTALL_PREFIX=/home/ekaterina/Workspace/overlord/SoftOverlord100/Overlord100-controller/overlord100_controller/install/overlord100_controller
