[0.018s] Invoking command in '/home/ws/src/Overlord100-controller/build/overlord100_msgs': /usr/bin/cmake --build /home/ws/src/Overlord100-controller/build/overlord100_msgs -- -j8 -l8
[0.199s] [35m[1mConsolidate compiler generated dependencies of target overlord100_msgs__rosidl_generator_c[0m
[0.209s] [  3%] Built target overlord100_msgs__cpp
[0.227s] [ 12%] Built target overlord100_msgs__rosidl_generator_c
[0.229s] [ 12%] Built target ament_cmake_python_copy_overlord100_msgs
[0.232s] [35m[1mConsolidate compiler generated dependencies of target overlord100_msgs__rosidl_typesupport_introspection_cpp[0m
[0.232s] [35m[1mConsolidate compiler generated dependencies of target overlord100_msgs__rosidl_typesupport_cpp[0m
[0.232s] [35m[1mConsolidate compiler generated dependencies of target overlord100_msgs__rosidl_typesupport_fastrtps_cpp[0m
[0.258s] [35m[1mConsolidate compiler generated dependencies of target overlord100_msgs__rosidl_typesupport_c[0m
[0.259s] [35m[1mConsolidate compiler generated dependencies of target overlord100_msgs__rosidl_typesupport_fastrtps_c[0m
[0.259s] [35m[1mConsolidate compiler generated dependencies of target overlord100_msgs__rosidl_typesupport_introspection_c[0m
[0.278s] [ 22%] Built target overlord100_msgs__rosidl_typesupport_cpp
[0.281s] [ 32%] Built target overlord100_msgs__rosidl_typesupport_fastrtps_cpp
[0.283s] [ 41%] Built target overlord100_msgs__rosidl_typesupport_introspection_cpp
[0.287s] [ 51%] Built target overlord100_msgs__rosidl_typesupport_c
[0.292s] [ 61%] Built target overlord100_msgs__rosidl_typesupport_introspection_c
[0.296s] [ 70%] Built target overlord100_msgs__rosidl_typesupport_fastrtps_c
[0.338s] [ 70%] Built target overlord100_msgs
[0.382s] [ 74%] Built target overlord100_msgs__py
[0.401s] [35m[1mConsolidate compiler generated dependencies of target overlord100_msgs__rosidl_generator_py[0m
[0.433s] [ 80%] Built target overlord100_msgs__rosidl_generator_py
[0.452s] [35m[1mConsolidate compiler generated dependencies of target overlord100_msgs__rosidl_typesupport_c__pyext[0m
[0.453s] [35m[1mConsolidate compiler generated dependencies of target overlord100_msgs__rosidl_typesupport_introspection_c__pyext[0m
[0.456s] [35m[1mConsolidate compiler generated dependencies of target overlord100_msgs__rosidl_typesupport_fastrtps_c__pyext[0m
[0.478s] [ 87%] Built target overlord100_msgs__rosidl_typesupport_c__pyext
[0.486s] [ 93%] Built target overlord100_msgs__rosidl_typesupport_introspection_c__pyext
[0.494s] [100%] Built target overlord100_msgs__rosidl_typesupport_fastrtps_c__pyext
[0.555s] running egg_info
[0.556s] writing overlord100_msgs.egg-info/PKG-INFO
[0.557s] writing dependency_links to overlord100_msgs.egg-info/dependency_links.txt
[0.557s] writing top-level names to overlord100_msgs.egg-info/top_level.txt
[0.562s] reading manifest file 'overlord100_msgs.egg-info/SOURCES.txt'
[0.563s] writing manifest file 'overlord100_msgs.egg-info/SOURCES.txt'
[0.615s] [100%] Built target ament_cmake_python_build_overlord100_msgs_egg
[0.639s] Invoked command in '/home/ws/src/Overlord100-controller/build/overlord100_msgs' returned '0': /usr/bin/cmake --build /home/ws/src/Overlord100-controller/build/overlord100_msgs -- -j8 -l8
[0.749s] Invoking command in '/home/ws/src/Overlord100-controller/build/overlord100_msgs': /usr/bin/cmake --install /home/ws/src/Overlord100-controller/build/overlord100_msgs
[0.760s] -- Install configuration: ""
[0.761s] -- Up-to-date: /home/ws/src/Overlord100-controller/install/overlord100_msgs/share/ament_index/resource_index/rosidl_interfaces/overlord100_msgs
[0.761s] -- Up-to-date: /home/ws/src/Overlord100-controller/install/overlord100_msgs/include/overlord100_msgs/overlord100_msgs
[0.761s] -- Up-to-date: /home/ws/src/Overlord100-controller/install/overlord100_msgs/include/overlord100_msgs/overlord100_msgs/msg
[0.762s] -- Up-to-date: /home/ws/src/Overlord100-controller/install/overlord100_msgs/include/overlord100_msgs/overlord100_msgs/msg/wheels_data.h
[0.762s] -- Up-to-date: /home/ws/src/Overlord100-controller/install/overlord100_msgs/include/overlord100_msgs/overlord100_msgs/msg/detail
[0.762s] -- Up-to-date: /home/ws/src/Overlord100-controller/install/overlord100_msgs/include/overlord100_msgs/overlord100_msgs/msg/detail/wheels_data__functions.c
[0.762s] -- Up-to-date: /home/ws/src/Overlord100-controller/install/overlord100_msgs/include/overlord100_msgs/overlord100_msgs/msg/detail/wheels_data__struct.h
[0.762s] -- Up-to-date: /home/ws/src/Overlord100-controller/install/overlord100_msgs/include/overlord100_msgs/overlord100_msgs/msg/detail/wheels_data__functions.h
[0.763s] -- Up-to-date: /home/ws/src/Overlord100-controller/install/overlord100_msgs/include/overlord100_msgs/overlord100_msgs/msg/detail/wheels_data__type_support.h
[0.763s] -- Up-to-date: /home/ws/src/Overlord100-controller/install/overlord100_msgs/include/overlord100_msgs/overlord100_msgs/msg/rosidl_generator_c__visibility_control.h
[0.763s] -- Up-to-date: /home/ws/src/Overlord100-controller/install/overlord100_msgs/share/overlord100_msgs/environment/library_path.sh
[0.763s] -- Up-to-date: /home/ws/src/Overlord100-controller/install/overlord100_msgs/share/overlord100_msgs/environment/library_path.dsv
[0.763s] -- Up-to-date: /home/ws/src/Overlord100-controller/install/overlord100_msgs/lib/liboverlord100_msgs__rosidl_generator_c.so
[0.764s] -- Up-to-date: /home/ws/src/Overlord100-controller/install/overlord100_msgs/include/overlord100_msgs/overlord100_msgs
[0.764s] -- Up-to-date: /home/ws/src/Overlord100-controller/install/overlord100_msgs/include/overlord100_msgs/overlord100_msgs/msg
[0.764s] -- Up-to-date: /home/ws/src/Overlord100-controller/install/overlord100_msgs/include/overlord100_msgs/overlord100_msgs/msg/detail
[0.764s] -- Up-to-date: /home/ws/src/Overlord100-controller/install/overlord100_msgs/include/overlord100_msgs/overlord100_msgs/msg/detail/wheels_data__rosidl_typesupport_fastrtps_c.h
[0.764s] -- Up-to-date: /home/ws/src/Overlord100-controller/install/overlord100_msgs/include/overlord100_msgs/overlord100_msgs/msg/rosidl_typesupport_fastrtps_c__visibility_control.h
[0.764s] -- Up-to-date: /home/ws/src/Overlord100-controller/install/overlord100_msgs/lib/liboverlord100_msgs__rosidl_typesupport_fastrtps_c.so
[0.765s] -- Up-to-date: /home/ws/src/Overlord100-controller/install/overlord100_msgs/include/overlord100_msgs/overlord100_msgs
[0.765s] -- Up-to-date: /home/ws/src/Overlord100-controller/install/overlord100_msgs/include/overlord100_msgs/overlord100_msgs/msg
[0.765s] -- Up-to-date: /home/ws/src/Overlord100-controller/install/overlord100_msgs/include/overlord100_msgs/overlord100_msgs/msg/rosidl_typesupport_introspection_c__visibility_control.h
[0.765s] -- Up-to-date: /home/ws/src/Overlord100-controller/install/overlord100_msgs/include/overlord100_msgs/overlord100_msgs/msg/detail
[0.765s] -- Up-to-date: /home/ws/src/Overlord100-controller/install/overlord100_msgs/include/overlord100_msgs/overlord100_msgs/msg/detail/wheels_data__type_support.c
[0.765s] -- Up-to-date: /home/ws/src/Overlord100-controller/install/overlord100_msgs/include/overlord100_msgs/overlord100_msgs/msg/detail/wheels_data__rosidl_typesupport_introspection_c.h
[0.765s] -- Up-to-date: /home/ws/src/Overlord100-controller/install/overlord100_msgs/lib/liboverlord100_msgs__rosidl_typesupport_introspection_c.so
[0.766s] -- Up-to-date: /home/ws/src/Overlord100-controller/install/overlord100_msgs/lib/liboverlord100_msgs__rosidl_typesupport_c.so
[0.766s] -- Up-to-date: /home/ws/src/Overlord100-controller/install/overlord100_msgs/include/overlord100_msgs/overlord100_msgs
[0.766s] -- Up-to-date: /home/ws/src/Overlord100-controller/install/overlord100_msgs/include/overlord100_msgs/overlord100_msgs/msg
[0.766s] -- Up-to-date: /home/ws/src/Overlord100-controller/install/overlord100_msgs/include/overlord100_msgs/overlord100_msgs/msg/wheels_data.hpp
[0.766s] -- Up-to-date: /home/ws/src/Overlord100-controller/install/overlord100_msgs/include/overlord100_msgs/overlord100_msgs/msg/detail
[0.767s] -- Up-to-date: /home/ws/src/Overlord100-controller/install/overlord100_msgs/include/overlord100_msgs/overlord100_msgs/msg/detail/wheels_data__traits.hpp
[0.767s] -- Up-to-date: /home/ws/src/Overlord100-controller/install/overlord100_msgs/include/overlord100_msgs/overlord100_msgs/msg/detail/wheels_data__builder.hpp
[0.767s] -- Up-to-date: /home/ws/src/Overlord100-controller/install/overlord100_msgs/include/overlord100_msgs/overlord100_msgs/msg/detail/wheels_data__struct.hpp
[0.767s] -- Up-to-date: /home/ws/src/Overlord100-controller/install/overlord100_msgs/include/overlord100_msgs/overlord100_msgs
[0.767s] -- Up-to-date: /home/ws/src/Overlord100-controller/install/overlord100_msgs/include/overlord100_msgs/overlord100_msgs/msg
[0.767s] -- Up-to-date: /home/ws/src/Overlord100-controller/install/overlord100_msgs/include/overlord100_msgs/overlord100_msgs/msg/rosidl_typesupport_fastrtps_cpp__visibility_control.h
[0.768s] -- Up-to-date: /home/ws/src/Overlord100-controller/install/overlord100_msgs/include/overlord100_msgs/overlord100_msgs/msg/detail
[0.768s] -- Up-to-date: /home/ws/src/Overlord100-controller/install/overlord100_msgs/include/overlord100_msgs/overlord100_msgs/msg/detail/dds_fastrtps
[0.768s] -- Up-to-date: /home/ws/src/Overlord100-controller/install/overlord100_msgs/include/overlord100_msgs/overlord100_msgs/msg/detail/wheels_data__rosidl_typesupport_fastrtps_cpp.hpp
[0.768s] -- Up-to-date: /home/ws/src/Overlord100-controller/install/overlord100_msgs/lib/liboverlord100_msgs__rosidl_typesupport_fastrtps_cpp.so
[0.768s] -- Up-to-date: /home/ws/src/Overlord100-controller/install/overlord100_msgs/include/overlord100_msgs/overlord100_msgs
[0.768s] -- Up-to-date: /home/ws/src/Overlord100-controller/install/overlord100_msgs/include/overlord100_msgs/overlord100_msgs/msg
[0.768s] -- Up-to-date: /home/ws/src/Overlord100-controller/install/overlord100_msgs/include/overlord100_msgs/overlord100_msgs/msg/detail
[0.769s] -- Up-to-date: /home/ws/src/Overlord100-controller/install/overlord100_msgs/include/overlord100_msgs/overlord100_msgs/msg/detail/wheels_data__type_support.cpp
[0.769s] -- Up-to-date: /home/ws/src/Overlord100-controller/install/overlord100_msgs/include/overlord100_msgs/overlord100_msgs/msg/detail/wheels_data__rosidl_typesupport_introspection_cpp.hpp
[0.769s] -- Up-to-date: /home/ws/src/Overlord100-controller/install/overlord100_msgs/lib/liboverlord100_msgs__rosidl_typesupport_introspection_cpp.so
[0.769s] -- Up-to-date: /home/ws/src/Overlord100-controller/install/overlord100_msgs/lib/liboverlord100_msgs__rosidl_typesupport_cpp.so
[0.769s] -- Up-to-date: /home/ws/src/Overlord100-controller/install/overlord100_msgs/share/overlord100_msgs/environment/pythonpath.sh
[0.770s] -- Up-to-date: /home/ws/src/Overlord100-controller/install/overlord100_msgs/share/overlord100_msgs/environment/pythonpath.dsv
[0.770s] -- Up-to-date: /home/ws/src/Overlord100-controller/install/overlord100_msgs/local/lib/python3.10/dist-packages/overlord100_msgs-0.0.0-py3.10.egg-info
[0.770s] -- Installing: /home/ws/src/Overlord100-controller/install/overlord100_msgs/local/lib/python3.10/dist-packages/overlord100_msgs-0.0.0-py3.10.egg-info/dependency_links.txt
[0.770s] -- Installing: /home/ws/src/Overlord100-controller/install/overlord100_msgs/local/lib/python3.10/dist-packages/overlord100_msgs-0.0.0-py3.10.egg-info/PKG-INFO
[0.770s] -- Installing: /home/ws/src/Overlord100-controller/install/overlord100_msgs/local/lib/python3.10/dist-packages/overlord100_msgs-0.0.0-py3.10.egg-info/top_level.txt
[0.770s] -- Installing: /home/ws/src/Overlord100-controller/install/overlord100_msgs/local/lib/python3.10/dist-packages/overlord100_msgs-0.0.0-py3.10.egg-info/SOURCES.txt
[0.771s] -- Up-to-date: /home/ws/src/Overlord100-controller/install/overlord100_msgs/local/lib/python3.10/dist-packages/overlord100_msgs
[0.771s] -- Up-to-date: /home/ws/src/Overlord100-controller/install/overlord100_msgs/local/lib/python3.10/dist-packages/overlord100_msgs/liboverlord100_msgs__rosidl_generator_py.so
[0.771s] -- Up-to-date: /home/ws/src/Overlord100-controller/install/overlord100_msgs/local/lib/python3.10/dist-packages/overlord100_msgs/__init__.py
[0.771s] -- Up-to-date: /home/ws/src/Overlord100-controller/install/overlord100_msgs/local/lib/python3.10/dist-packages/overlord100_msgs/msg
[0.771s] -- Up-to-date: /home/ws/src/Overlord100-controller/install/overlord100_msgs/local/lib/python3.10/dist-packages/overlord100_msgs/msg/_wheels_data.py
[0.771s] -- Up-to-date: /home/ws/src/Overlord100-controller/install/overlord100_msgs/local/lib/python3.10/dist-packages/overlord100_msgs/msg/_wheels_data_s.c
[0.771s] -- Up-to-date: /home/ws/src/Overlord100-controller/install/overlord100_msgs/local/lib/python3.10/dist-packages/overlord100_msgs/msg/__init__.py
[0.772s] -- Up-to-date: /home/ws/src/Overlord100-controller/install/overlord100_msgs/local/lib/python3.10/dist-packages/overlord100_msgs/overlord100_msgs_s__rosidl_typesupport_c.cpython-310-x86_64-linux-gnu.so
[0.772s] -- Up-to-date: /home/ws/src/Overlord100-controller/install/overlord100_msgs/local/lib/python3.10/dist-packages/overlord100_msgs/_overlord100_msgs_s.ep.rosidl_typesupport_introspection_c.c
[0.772s] -- Up-to-date: /home/ws/src/Overlord100-controller/install/overlord100_msgs/local/lib/python3.10/dist-packages/overlord100_msgs/_overlord100_msgs_s.ep.rosidl_typesupport_c.c
[0.772s] -- Up-to-date: /home/ws/src/Overlord100-controller/install/overlord100_msgs/local/lib/python3.10/dist-packages/overlord100_msgs/_overlord100_msgs_s.ep.rosidl_typesupport_fastrtps_c.c
[0.772s] -- Up-to-date: /home/ws/src/Overlord100-controller/install/overlord100_msgs/local/lib/python3.10/dist-packages/overlord100_msgs/overlord100_msgs_s__rosidl_typesupport_fastrtps_c.cpython-310-x86_64-linux-gnu.so
[0.772s] -- Up-to-date: /home/ws/src/Overlord100-controller/install/overlord100_msgs/local/lib/python3.10/dist-packages/overlord100_msgs/overlord100_msgs_s__rosidl_typesupport_introspection_c.cpython-310-x86_64-linux-gnu.so
[0.809s] Listing '/home/ws/src/Overlord100-controller/install/overlord100_msgs/local/lib/python3.10/dist-packages/overlord100_msgs'...
[0.809s] Listing '/home/ws/src/Overlord100-controller/install/overlord100_msgs/local/lib/python3.10/dist-packages/overlord100_msgs/msg'...
[0.816s] -- Up-to-date: /home/ws/src/Overlord100-controller/install/overlord100_msgs/local/lib/python3.10/dist-packages/overlord100_msgs/overlord100_msgs_s__rosidl_typesupport_fastrtps_c.cpython-310-x86_64-linux-gnu.so
[0.816s] -- Up-to-date: /home/ws/src/Overlord100-controller/install/overlord100_msgs/local/lib/python3.10/dist-packages/overlord100_msgs/overlord100_msgs_s__rosidl_typesupport_introspection_c.cpython-310-x86_64-linux-gnu.so
[0.817s] -- Up-to-date: /home/ws/src/Overlord100-controller/install/overlord100_msgs/local/lib/python3.10/dist-packages/overlord100_msgs/overlord100_msgs_s__rosidl_typesupport_c.cpython-310-x86_64-linux-gnu.so
[0.818s] -- Up-to-date: /home/ws/src/Overlord100-controller/install/overlord100_msgs/lib/liboverlord100_msgs__rosidl_generator_py.so
[0.819s] -- Up-to-date: /home/ws/src/Overlord100-controller/install/overlord100_msgs/share/overlord100_msgs/msg/WheelsData.idl
[0.819s] -- Up-to-date: /home/ws/src/Overlord100-controller/install/overlord100_msgs/share/overlord100_msgs/msg/WheelsData.msg
[0.820s] -- Up-to-date: /home/ws/src/Overlord100-controller/install/overlord100_msgs/share/ament_index/resource_index/package_run_dependencies/overlord100_msgs
[0.820s] -- Up-to-date: /home/ws/src/Overlord100-controller/install/overlord100_msgs/share/ament_index/resource_index/parent_prefix_path/overlord100_msgs
[0.820s] -- Up-to-date: /home/ws/src/Overlord100-controller/install/overlord100_msgs/share/overlord100_msgs/environment/ament_prefix_path.sh
[0.821s] -- Up-to-date: /home/ws/src/Overlord100-controller/install/overlord100_msgs/share/overlord100_msgs/environment/ament_prefix_path.dsv
[0.821s] -- Up-to-date: /home/ws/src/Overlord100-controller/install/overlord100_msgs/share/overlord100_msgs/environment/path.sh
[0.821s] -- Up-to-date: /home/ws/src/Overlord100-controller/install/overlord100_msgs/share/overlord100_msgs/environment/path.dsv
[0.822s] -- Up-to-date: /home/ws/src/Overlord100-controller/install/overlord100_msgs/share/overlord100_msgs/local_setup.bash
[0.822s] -- Up-to-date: /home/ws/src/Overlord100-controller/install/overlord100_msgs/share/overlord100_msgs/local_setup.sh
[0.822s] -- Up-to-date: /home/ws/src/Overlord100-controller/install/overlord100_msgs/share/overlord100_msgs/local_setup.zsh
[0.823s] -- Up-to-date: /home/ws/src/Overlord100-controller/install/overlord100_msgs/share/overlord100_msgs/local_setup.dsv
[0.823s] -- Installing: /home/ws/src/Overlord100-controller/install/overlord100_msgs/share/overlord100_msgs/package.dsv
[0.823s] -- Up-to-date: /home/ws/src/Overlord100-controller/install/overlord100_msgs/share/ament_index/resource_index/packages/overlord100_msgs
[0.823s] -- Up-to-date: /home/ws/src/Overlord100-controller/install/overlord100_msgs/share/overlord100_msgs/cmake/export_overlord100_msgs__rosidl_generator_cExport.cmake
[0.824s] -- Up-to-date: /home/ws/src/Overlord100-controller/install/overlord100_msgs/share/overlord100_msgs/cmake/export_overlord100_msgs__rosidl_generator_cExport-noconfig.cmake
[0.824s] -- Up-to-date: /home/ws/src/Overlord100-controller/install/overlord100_msgs/share/overlord100_msgs/cmake/export_overlord100_msgs__rosidl_typesupport_fastrtps_cExport.cmake
[0.824s] -- Up-to-date: /home/ws/src/Overlord100-controller/install/overlord100_msgs/share/overlord100_msgs/cmake/export_overlord100_msgs__rosidl_typesupport_fastrtps_cExport-noconfig.cmake
[0.824s] -- Up-to-date: /home/ws/src/Overlord100-controller/install/overlord100_msgs/share/overlord100_msgs/cmake/overlord100_msgs__rosidl_typesupport_introspection_cExport.cmake
[0.825s] -- Up-to-date: /home/ws/src/Overlord100-controller/install/overlord100_msgs/share/overlord100_msgs/cmake/overlord100_msgs__rosidl_typesupport_introspection_cExport-noconfig.cmake
[0.825s] -- Up-to-date: /home/ws/src/Overlord100-controller/install/overlord100_msgs/share/overlord100_msgs/cmake/overlord100_msgs__rosidl_typesupport_cExport.cmake
[0.825s] -- Up-to-date: /home/ws/src/Overlord100-controller/install/overlord100_msgs/share/overlord100_msgs/cmake/overlord100_msgs__rosidl_typesupport_cExport-noconfig.cmake
[0.825s] -- Up-to-date: /home/ws/src/Overlord100-controller/install/overlord100_msgs/share/overlord100_msgs/cmake/export_overlord100_msgs__rosidl_generator_cppExport.cmake
[0.826s] -- Up-to-date: /home/ws/src/Overlord100-controller/install/overlord100_msgs/share/overlord100_msgs/cmake/export_overlord100_msgs__rosidl_typesupport_fastrtps_cppExport.cmake
[0.826s] -- Up-to-date: /home/ws/src/Overlord100-controller/install/overlord100_msgs/share/overlord100_msgs/cmake/export_overlord100_msgs__rosidl_typesupport_fastrtps_cppExport-noconfig.cmake
[0.826s] -- Up-to-date: /home/ws/src/Overlord100-controller/install/overlord100_msgs/share/overlord100_msgs/cmake/overlord100_msgs__rosidl_typesupport_introspection_cppExport.cmake
[0.827s] -- Up-to-date: /home/ws/src/Overlord100-controller/install/overlord100_msgs/share/overlord100_msgs/cmake/overlord100_msgs__rosidl_typesupport_introspection_cppExport-noconfig.cmake
[0.827s] -- Up-to-date: /home/ws/src/Overlord100-controller/install/overlord100_msgs/share/overlord100_msgs/cmake/overlord100_msgs__rosidl_typesupport_cppExport.cmake
[0.827s] -- Up-to-date: /home/ws/src/Overlord100-controller/install/overlord100_msgs/share/overlord100_msgs/cmake/overlord100_msgs__rosidl_typesupport_cppExport-noconfig.cmake
[0.827s] -- Up-to-date: /home/ws/src/Overlord100-controller/install/overlord100_msgs/share/overlord100_msgs/cmake/export_overlord100_msgs__rosidl_generator_pyExport.cmake
[0.828s] -- Up-to-date: /home/ws/src/Overlord100-controller/install/overlord100_msgs/share/overlord100_msgs/cmake/export_overlord100_msgs__rosidl_generator_pyExport-noconfig.cmake
[0.828s] -- Up-to-date: /home/ws/src/Overlord100-controller/install/overlord100_msgs/share/overlord100_msgs/cmake/rosidl_cmake-extras.cmake
[0.828s] -- Up-to-date: /home/ws/src/Overlord100-controller/install/overlord100_msgs/share/overlord100_msgs/cmake/ament_cmake_export_include_directories-extras.cmake
[0.829s] -- Up-to-date: /home/ws/src/Overlord100-controller/install/overlord100_msgs/share/overlord100_msgs/cmake/ament_cmake_export_libraries-extras.cmake
[0.830s] -- Up-to-date: /home/ws/src/Overlord100-controller/install/overlord100_msgs/share/overlord100_msgs/cmake/ament_cmake_export_targets-extras.cmake
[0.830s] -- Up-to-date: /home/ws/src/Overlord100-controller/install/overlord100_msgs/share/overlord100_msgs/cmake/rosidl_cmake_export_typesupport_targets-extras.cmake
[0.831s] -- Up-to-date: /home/ws/src/Overlord100-controller/install/overlord100_msgs/share/overlord100_msgs/cmake/ament_cmake_export_dependencies-extras.cmake
[0.831s] -- Up-to-date: /home/ws/src/Overlord100-controller/install/overlord100_msgs/share/overlord100_msgs/cmake/rosidl_cmake_export_typesupport_libraries-extras.cmake
[0.831s] -- Up-to-date: /home/ws/src/Overlord100-controller/install/overlord100_msgs/share/overlord100_msgs/cmake/overlord100_msgsConfig.cmake
[0.831s] -- Up-to-date: /home/ws/src/Overlord100-controller/install/overlord100_msgs/share/overlord100_msgs/cmake/overlord100_msgsConfig-version.cmake
[0.831s] -- Up-to-date: /home/ws/src/Overlord100-controller/install/overlord100_msgs/share/overlord100_msgs/package.xml
[0.831s] Invoked command in '/home/ws/src/Overlord100-controller/build/overlord100_msgs' returned '0': /usr/bin/cmake --install /home/ws/src/Overlord100-controller/build/overlord100_msgs
