[0.337s] DEBUG:colcon:Command line arguments: ['/usr/bin/colcon', 'build', '--packages-select', 'overlord100_controller']
[0.337s] DEBUG:colcon:Parsed command line arguments: Namespace(log_base=None, log_level=None, verb_name='build', build_base='build', install_base='install', merge_install=False, symlink_install=False, test_result_base=None, continue_on_error=False, executor='parallel', parallel_workers=8, event_handlers=None, ignore_user_meta=False, metas=['./colcon.meta'], base_paths=['.'], packages_ignore=None, packages_ignore_regex=None, paths=None, packages_up_to=None, packages_up_to_regex=None, packages_above=None, packages_above_and_dependencies=None, packages_above_depth=None, packages_select_by_dep=None, packages_skip_by_dep=None, packages_skip_up_to=None, packages_select_build_failed=False, packages_skip_build_finished=False, packages_select_test_failures=False, packages_skip_test_passed=False, packages_select=['overlord100_controller'], packages_skip=None, packages_select_regex=None, packages_skip_regex=None, packages_start=None, packages_end=None, allow_overriding=[], cmake_args=None, cmake_target=None, cmake_target_skip_unavailable=False, cmake_clean_cache=False, cmake_clean_first=False, cmake_force_configure=False, ament_cmake_args=None, catkin_cmake_args=None, catkin_skip_building_tests=False, mixin_files=None, mixin=None, verb_parser=<colcon_mixin.mixin.mixin_argument.MixinArgumentDecorator object at 0x7bbbc754bf10>, verb_extension=<colcon_core.verb.build.BuildVerb object at 0x7bbbc754b9d0>, main=<bound method BuildVerb.main of <colcon_core.verb.build.BuildVerb object at 0x7bbbc754b9d0>>, mixin_verb=('build',))
[0.818s] Level 1:colcon.colcon_core.package_discovery:discover_packages(colcon_meta) check parameters
[0.818s] Level 1:colcon.colcon_core.package_discovery:discover_packages(recursive) check parameters
[0.818s] Level 1:colcon.colcon_core.package_discovery:discover_packages(ignore) check parameters
[0.818s] Level 1:colcon.colcon_core.package_discovery:discover_packages(path) check parameters
[0.818s] Level 1:colcon.colcon_core.package_discovery:discover_packages(colcon_meta) discover
[0.818s] Level 1:colcon.colcon_core.package_discovery:discover_packages(recursive) discover
[0.818s] INFO:colcon.colcon_core.package_discovery:Crawling recursively for packages in '/home/ekaterina/Workspace/overlord/SoftOverlord100/Overlord100-controller/overlord100_controller'
[0.818s] Level 1:colcon.colcon_core.package_identification:_identify(.) by extensions ['ignore', 'ignore_ament_install']
[0.819s] Level 1:colcon.colcon_core.package_identification:_identify(.) by extension 'ignore'
[0.819s] Level 1:colcon.colcon_core.package_identification:_identify(.) by extension 'ignore_ament_install'
[0.819s] Level 1:colcon.colcon_core.package_identification:_identify(.) by extensions ['colcon_pkg']
[0.819s] Level 1:colcon.colcon_core.package_identification:_identify(.) by extension 'colcon_pkg'
[0.819s] Level 1:colcon.colcon_core.package_identification:_identify(.) by extensions ['colcon_meta']
[0.819s] Level 1:colcon.colcon_core.package_identification:_identify(.) by extension 'colcon_meta'
[0.819s] Level 1:colcon.colcon_core.package_identification:_identify(.) by extensions ['ros']
[0.819s] Level 1:colcon.colcon_core.package_identification:_identify(.) by extension 'ros'
[0.849s] DEBUG:colcon.colcon_core.package_identification:Package '.' with type 'ros.ament_cmake' and name 'overlord100_controller'
[0.849s] Level 1:colcon.colcon_core.package_discovery:discover_packages(recursive) using defaults
[0.849s] Level 1:colcon.colcon_core.package_discovery:discover_packages(ignore) discover
[0.849s] Level 1:colcon.colcon_core.package_discovery:discover_packages(ignore) using defaults
[0.849s] Level 1:colcon.colcon_core.package_discovery:discover_packages(path) discover
[0.849s] Level 1:colcon.colcon_core.package_discovery:discover_packages(path) using defaults
[0.941s] Level 1:colcon.colcon_core.package_discovery:discover_packages(prefix_path) check parameters
[0.941s] Level 1:colcon.colcon_core.package_discovery:discover_packages(prefix_path) discover
[0.957s] DEBUG:colcon.colcon_installed_package_information.package_discovery:Found 406 installed packages in /opt/ros/humble
[0.961s] Level 1:colcon.colcon_core.package_discovery:discover_packages(prefix_path) using defaults
[1.093s] Level 5:colcon.colcon_core.verb:set package 'overlord100_controller' build argument 'cmake_args' from command line to 'None'
[1.093s] Level 5:colcon.colcon_core.verb:set package 'overlord100_controller' build argument 'cmake_target' from command line to 'None'
[1.094s] Level 5:colcon.colcon_core.verb:set package 'overlord100_controller' build argument 'cmake_target_skip_unavailable' from command line to 'False'
[1.094s] Level 5:colcon.colcon_core.verb:set package 'overlord100_controller' build argument 'cmake_clean_cache' from command line to 'False'
[1.094s] Level 5:colcon.colcon_core.verb:set package 'overlord100_controller' build argument 'cmake_clean_first' from command line to 'False'
[1.094s] Level 5:colcon.colcon_core.verb:set package 'overlord100_controller' build argument 'cmake_force_configure' from command line to 'False'
[1.094s] Level 5:colcon.colcon_core.verb:set package 'overlord100_controller' build argument 'ament_cmake_args' from command line to 'None'
[1.094s] Level 5:colcon.colcon_core.verb:set package 'overlord100_controller' build argument 'catkin_cmake_args' from command line to 'None'
[1.094s] Level 5:colcon.colcon_core.verb:set package 'overlord100_controller' build argument 'catkin_skip_building_tests' from command line to 'False'
[1.094s] DEBUG:colcon.colcon_core.verb:Building package 'overlord100_controller' with the following arguments: {'ament_cmake_args': None, 'build_base': '/home/ekaterina/Workspace/overlord/SoftOverlord100/Overlord100-controller/overlord100_controller/build/overlord100_controller', 'catkin_cmake_args': None, 'catkin_skip_building_tests': False, 'cmake_args': None, 'cmake_clean_cache': False, 'cmake_clean_first': False, 'cmake_force_configure': False, 'cmake_target': None, 'cmake_target_skip_unavailable': False, 'install_base': '/home/ekaterina/Workspace/overlord/SoftOverlord100/Overlord100-controller/overlord100_controller/install/overlord100_controller', 'merge_install': False, 'path': '/home/ekaterina/Workspace/overlord/SoftOverlord100/Overlord100-controller/overlord100_controller', 'symlink_install': False, 'test_result_base': None}
[1.094s] INFO:colcon.colcon_core.executor:Executing jobs using 'parallel' executor
[1.098s] DEBUG:colcon.colcon_parallel_executor.executor.parallel:run_until_complete
[1.098s] INFO:colcon.colcon_ros.task.ament_cmake.build:Building ROS package in '/home/ekaterina/Workspace/overlord/SoftOverlord100/Overlord100-controller/overlord100_controller' with build type 'ament_cmake'
[1.099s] INFO:colcon.colcon_cmake.task.cmake.build:Building CMake package in '/home/ekaterina/Workspace/overlord/SoftOverlord100/Overlord100-controller/overlord100_controller'
[1.111s] INFO:colcon.colcon_core.plugin_system:Skipping extension 'colcon_core.shell.bat': Not used on non-Windows systems
[1.111s] INFO:colcon.colcon_core.shell:Skip shell extension 'powershell' for command environment: Not usable outside of PowerShell
[1.112s] DEBUG:colcon.colcon_core.shell:Skip shell extension 'dsv' for command environment
[1.138s] DEBUG:colcon.colcon_core.event_handler.log_command:Invoking command in '/home/ekaterina/Workspace/overlord/SoftOverlord100/Overlord100-controller/overlord100_controller/build/overlord100_controller': CMAKE_PREFIX_PATH=/opt/ros/humble /usr/bin/cmake /home/ekaterina/Workspace/overlord/SoftOverlord100/Overlord100-controller/overlord100_controller -DCMAKE_INSTALL_PREFIX=/home/ekaterina/Workspace/overlord/SoftOverlord100/Overlord100-controller/overlord100_controller/install/overlord100_controller
[4.611s] DEBUG:colcon.colcon_core.event_handler.log_command:Invoked command in '/home/ekaterina/Workspace/overlord/SoftOverlord100/Overlord100-controller/overlord100_controller/build/overlord100_controller' returned '1': CMAKE_PREFIX_PATH=/opt/ros/humble /usr/bin/cmake /home/ekaterina/Workspace/overlord/SoftOverlord100/Overlord100-controller/overlord100_controller -DCMAKE_INSTALL_PREFIX=/home/ekaterina/Workspace/overlord/SoftOverlord100/Overlord100-controller/overlord100_controller/install/overlord100_controller
[4.647s] Level 1:colcon.colcon_core.environment:create_environment_scripts_only(overlord100_controller)
[4.657s] Level 1:colcon.colcon_core.environment:checking '/home/ekaterina/Workspace/overlord/SoftOverlord100/Overlord100-controller/overlord100_controller/install/overlord100_controller' for CMake module files
[4.657s] Level 1:colcon.colcon_core.environment:checking '/home/ekaterina/Workspace/overlord/SoftOverlord100/Overlord100-controller/overlord100_controller/install/overlord100_controller' for CMake config files
[4.658s] Level 1:colcon.colcon_core.environment:checking '/home/ekaterina/Workspace/overlord/SoftOverlord100/Overlord100-controller/overlord100_controller/install/overlord100_controller/bin'
[4.658s] Level 1:colcon.colcon_core.environment:checking '/home/ekaterina/Workspace/overlord/SoftOverlord100/Overlord100-controller/overlord100_controller/install/overlord100_controller/lib/pkgconfig/overlord100_controller.pc'
[4.659s] Level 1:colcon.colcon_core.environment:checking '/home/ekaterina/Workspace/overlord/SoftOverlord100/Overlord100-controller/overlord100_controller/install/overlord100_controller/lib/python3.10/site-packages'
[4.659s] Level 1:colcon.colcon_core.environment:checking '/home/ekaterina/Workspace/overlord/SoftOverlord100/Overlord100-controller/overlord100_controller/install/overlord100_controller/bin'
[4.659s] INFO:colcon.colcon_core.shell:Creating package script '/home/ekaterina/Workspace/overlord/SoftOverlord100/Overlord100-controller/overlord100_controller/install/overlord100_controller/share/overlord100_controller/package.ps1'
[4.662s] INFO:colcon.colcon_core.shell:Creating package descriptor '/home/ekaterina/Workspace/overlord/SoftOverlord100/Overlord100-controller/overlord100_controller/install/overlord100_controller/share/overlord100_controller/package.dsv'
[4.663s] INFO:colcon.colcon_core.shell:Creating package script '/home/ekaterina/Workspace/overlord/SoftOverlord100/Overlord100-controller/overlord100_controller/install/overlord100_controller/share/overlord100_controller/package.sh'
[4.666s] INFO:colcon.colcon_core.shell:Creating package script '/home/ekaterina/Workspace/overlord/SoftOverlord100/Overlord100-controller/overlord100_controller/install/overlord100_controller/share/overlord100_controller/package.bash'
[4.668s] INFO:colcon.colcon_core.shell:Creating package script '/home/ekaterina/Workspace/overlord/SoftOverlord100/Overlord100-controller/overlord100_controller/install/overlord100_controller/share/overlord100_controller/package.zsh'
[4.669s] Level 1:colcon.colcon_core.environment:create_file_with_runtime_dependencies(/home/ekaterina/Workspace/overlord/SoftOverlord100/Overlord100-controller/overlord100_controller/install/overlord100_controller/share/colcon-core/packages/overlord100_controller)
[4.681s] DEBUG:colcon.colcon_parallel_executor.executor.parallel:closing loop
[4.681s] DEBUG:colcon.colcon_parallel_executor.executor.parallel:loop closed
[4.681s] DEBUG:colcon.colcon_parallel_executor.executor.parallel:run_until_complete finished with '1'
[4.682s] DEBUG:colcon.colcon_core.event_reactor:joining thread
[4.700s] INFO:colcon.colcon_core.plugin_system:Skipping extension 'colcon_notification.desktop_notification.terminal_notifier': Not used on non-Darwin systems
[4.700s] INFO:colcon.colcon_core.plugin_system:Skipping extension 'colcon_notification.desktop_notification.win32': Not used on non-Windows systems
[4.700s] INFO:colcon.colcon_notification.desktop_notification:Sending desktop notification using 'notify2'
[4.741s] DEBUG:colcon.colcon_core.event_reactor:joined thread
[4.742s] INFO:colcon.colcon_core.shell:Creating prefix script '/home/ekaterina/Workspace/overlord/SoftOverlord100/Overlord100-controller/overlord100_controller/install/local_setup.ps1'
[4.745s] INFO:colcon.colcon_core.shell:Creating prefix util module '/home/ekaterina/Workspace/overlord/SoftOverlord100/Overlord100-controller/overlord100_controller/install/_local_setup_util_ps1.py'
[4.749s] INFO:colcon.colcon_core.shell:Creating prefix chain script '/home/ekaterina/Workspace/overlord/SoftOverlord100/Overlord100-controller/overlord100_controller/install/setup.ps1'
[4.753s] INFO:colcon.colcon_core.shell:Creating prefix script '/home/ekaterina/Workspace/overlord/SoftOverlord100/Overlord100-controller/overlord100_controller/install/local_setup.sh'
[4.754s] INFO:colcon.colcon_core.shell:Creating prefix util module '/home/ekaterina/Workspace/overlord/SoftOverlord100/Overlord100-controller/overlord100_controller/install/_local_setup_util_sh.py'
[4.756s] INFO:colcon.colcon_core.shell:Creating prefix chain script '/home/ekaterina/Workspace/overlord/SoftOverlord100/Overlord100-controller/overlord100_controller/install/setup.sh'
[4.759s] INFO:colcon.colcon_core.shell:Creating prefix script '/home/ekaterina/Workspace/overlord/SoftOverlord100/Overlord100-controller/overlord100_controller/install/local_setup.bash'
[4.761s] INFO:colcon.colcon_core.shell:Creating prefix chain script '/home/ekaterina/Workspace/overlord/SoftOverlord100/Overlord100-controller/overlord100_controller/install/setup.bash'
[4.764s] INFO:colcon.colcon_core.shell:Creating prefix script '/home/ekaterina/Workspace/overlord/SoftOverlord100/Overlord100-controller/overlord100_controller/install/local_setup.zsh'
[4.766s] INFO:colcon.colcon_core.shell:Creating prefix chain script '/home/ekaterina/Workspace/overlord/SoftOverlord100/Overlord100-controller/overlord100_controller/install/setup.zsh'
