[0.188s] DEBUG:colcon:Command line arguments: ['/usr/bin/colcon', 'build', '--packages-select', 'overlord100_msgs']
[0.189s] DEBUG:colcon:Parsed command line arguments: Namespace(log_base=None, log_level=None, verb_name='build', build_base='build', install_base='install', merge_install=False, symlink_install=False, test_result_base=None, continue_on_error=False, executor='parallel', parallel_workers=8, event_handlers=None, ignore_user_meta=False, metas=['./colcon.meta'], base_paths=['.'], packages_ignore=None, packages_ignore_regex=None, paths=None, packages_up_to=None, packages_up_to_regex=None, packages_above=None, packages_above_and_dependencies=None, packages_above_depth=None, packages_select_by_dep=None, packages_skip_by_dep=None, packages_skip_up_to=None, packages_select_build_failed=False, packages_skip_build_finished=False, packages_select_test_failures=False, packages_skip_test_passed=False, packages_select=['overlord100_msgs'], packages_skip=None, packages_select_regex=None, packages_skip_regex=None, packages_start=None, packages_end=None, cmake_args=None, cmake_target=None, cmake_target_skip_unavailable=False, cmake_clean_cache=False, cmake_clean_first=False, cmake_force_configure=False, ament_cmake_args=None, catkin_cmake_args=None, catkin_skip_building_tests=False, mixin_files=None, mixin=None, verb_parser=<colcon_mixin.mixin.mixin_argument.MixinArgumentDecorator object at 0x7b606de7c9d0>, verb_extension=<colcon_core.verb.build.BuildVerb object at 0x7b606de7c460>, main=<bound method BuildVerb.main of <colcon_core.verb.build.BuildVerb object at 0x7b606de7c460>>, mixin_verb=('build',))
[0.438s] Level 1:colcon.colcon_core.package_discovery:discover_packages(colcon_meta) check parameters
[0.438s] Level 1:colcon.colcon_core.package_discovery:discover_packages(recursive) check parameters
[0.438s] Level 1:colcon.colcon_core.package_discovery:discover_packages(ignore) check parameters
[0.438s] Level 1:colcon.colcon_core.package_discovery:discover_packages(path) check parameters
[0.438s] Level 1:colcon.colcon_core.package_discovery:discover_packages(colcon_meta) discover
[0.438s] Level 1:colcon.colcon_core.package_discovery:discover_packages(recursive) discover
[0.438s] INFO:colcon.colcon_core.package_discovery:Crawling recursively for packages in '/home/ws/src/Overlord100-controller'
[0.438s] Level 1:colcon.colcon_core.package_identification:_identify(.) by extensions ['ignore', 'ignore_ament_install']
[0.438s] Level 1:colcon.colcon_core.package_identification:_identify(.) by extension 'ignore'
[0.438s] Level 1:colcon.colcon_core.package_identification:_identify(.) by extension 'ignore_ament_install'
[0.438s] Level 1:colcon.colcon_core.package_identification:_identify(.) by extensions ['colcon_pkg']
[0.438s] Level 1:colcon.colcon_core.package_identification:_identify(.) by extension 'colcon_pkg'
[0.438s] Level 1:colcon.colcon_core.package_identification:_identify(.) by extensions ['colcon_meta']
[0.439s] Level 1:colcon.colcon_core.package_identification:_identify(.) by extension 'colcon_meta'
[0.439s] Level 1:colcon.colcon_core.package_identification:_identify(.) by extensions ['ros']
[0.439s] Level 1:colcon.colcon_core.package_identification:_identify(.) by extension 'ros'
[0.454s] Level 1:colcon.colcon_core.package_identification:_identify(.) by extensions ['cmake', 'python']
[0.454s] Level 1:colcon.colcon_core.package_identification:_identify(.) by extension 'cmake'
[0.454s] Level 1:colcon.colcon_core.package_identification:_identify(.) by extension 'python'
[0.454s] Level 1:colcon.colcon_core.package_identification:_identify(.) by extensions ['python_setup_py']
[0.455s] Level 1:colcon.colcon_core.package_identification:_identify(.) by extension 'python_setup_py'
[0.455s] Level 1:colcon.colcon_core.package_identification:_identify(build) by extensions ['ignore', 'ignore_ament_install']
[0.455s] Level 1:colcon.colcon_core.package_identification:_identify(build) by extension 'ignore'
[0.455s] Level 1:colcon.colcon_core.package_identification:_identify(build) ignored
[0.455s] Level 1:colcon.colcon_core.package_identification:_identify(install) by extensions ['ignore', 'ignore_ament_install']
[0.455s] Level 1:colcon.colcon_core.package_identification:_identify(install) by extension 'ignore'
[0.455s] Level 1:colcon.colcon_core.package_identification:_identify(install) ignored
[0.455s] Level 1:colcon.colcon_core.package_identification:_identify(log) by extensions ['ignore', 'ignore_ament_install']
[0.455s] Level 1:colcon.colcon_core.package_identification:_identify(log) by extension 'ignore'
[0.455s] Level 1:colcon.colcon_core.package_identification:_identify(log) ignored
[0.455s] Level 1:colcon.colcon_core.package_identification:_identify(overlord100_controller) by extensions ['ignore', 'ignore_ament_install']
[0.455s] Level 1:colcon.colcon_core.package_identification:_identify(overlord100_controller) by extension 'ignore'
[0.456s] Level 1:colcon.colcon_core.package_identification:_identify(overlord100_controller) by extension 'ignore_ament_install'
[0.456s] Level 1:colcon.colcon_core.package_identification:_identify(overlord100_controller) by extensions ['colcon_pkg']
[0.456s] Level 1:colcon.colcon_core.package_identification:_identify(overlord100_controller) by extension 'colcon_pkg'
[0.456s] Level 1:colcon.colcon_core.package_identification:_identify(overlord100_controller) by extensions ['colcon_meta']
[0.456s] Level 1:colcon.colcon_core.package_identification:_identify(overlord100_controller) by extension 'colcon_meta'
[0.456s] Level 1:colcon.colcon_core.package_identification:_identify(overlord100_controller) by extensions ['ros']
[0.456s] Level 1:colcon.colcon_core.package_identification:_identify(overlord100_controller) by extension 'ros'
[0.459s] DEBUG:colcon.colcon_core.package_identification:Package 'overlord100_controller' with type 'ros.ament_cmake' and name 'overlord100_controller'
[0.460s] Level 1:colcon.colcon_core.package_identification:_identify(overlord100_msgs) by extensions ['ignore', 'ignore_ament_install']
[0.460s] Level 1:colcon.colcon_core.package_identification:_identify(overlord100_msgs) by extension 'ignore'
[0.460s] Level 1:colcon.colcon_core.package_identification:_identify(overlord100_msgs) by extension 'ignore_ament_install'
[0.460s] Level 1:colcon.colcon_core.package_identification:_identify(overlord100_msgs) by extensions ['colcon_pkg']
[0.460s] Level 1:colcon.colcon_core.package_identification:_identify(overlord100_msgs) by extension 'colcon_pkg'
[0.460s] Level 1:colcon.colcon_core.package_identification:_identify(overlord100_msgs) by extensions ['colcon_meta']
[0.460s] Level 1:colcon.colcon_core.package_identification:_identify(overlord100_msgs) by extension 'colcon_meta'
[0.460s] Level 1:colcon.colcon_core.package_identification:_identify(overlord100_msgs) by extensions ['ros']
[0.460s] Level 1:colcon.colcon_core.package_identification:_identify(overlord100_msgs) by extension 'ros'
[0.461s] DEBUG:colcon.colcon_core.package_identification:Package 'overlord100_msgs' with type 'ros.ament_cmake' and name 'overlord100_msgs'
[0.461s] Level 1:colcon.colcon_core.package_discovery:discover_packages(recursive) using defaults
[0.461s] Level 1:colcon.colcon_core.package_discovery:discover_packages(ignore) discover
[0.461s] Level 1:colcon.colcon_core.package_discovery:discover_packages(ignore) using defaults
[0.461s] Level 1:colcon.colcon_core.package_discovery:discover_packages(path) discover
[0.461s] Level 1:colcon.colcon_core.package_discovery:discover_packages(path) using defaults
[0.491s] INFO:colcon.colcon_core.package_selection:Skipping not selected package 'overlord100_controller' in 'overlord100_controller'
[0.492s] Level 5:colcon.colcon_core.verb:set package 'overlord100_msgs' build argument 'cmake_args' from command line to 'None'
[0.492s] Level 5:colcon.colcon_core.verb:set package 'overlord100_msgs' build argument 'cmake_target' from command line to 'None'
[0.492s] Level 5:colcon.colcon_core.verb:set package 'overlord100_msgs' build argument 'cmake_target_skip_unavailable' from command line to 'False'
[0.492s] Level 5:colcon.colcon_core.verb:set package 'overlord100_msgs' build argument 'cmake_clean_cache' from command line to 'False'
[0.492s] Level 5:colcon.colcon_core.verb:set package 'overlord100_msgs' build argument 'cmake_clean_first' from command line to 'False'
[0.492s] Level 5:colcon.colcon_core.verb:set package 'overlord100_msgs' build argument 'cmake_force_configure' from command line to 'False'
[0.492s] Level 5:colcon.colcon_core.verb:set package 'overlord100_msgs' build argument 'ament_cmake_args' from command line to 'None'
[0.492s] Level 5:colcon.colcon_core.verb:set package 'overlord100_msgs' build argument 'catkin_cmake_args' from command line to 'None'
[0.492s] Level 5:colcon.colcon_core.verb:set package 'overlord100_msgs' build argument 'catkin_skip_building_tests' from command line to 'False'
[0.492s] DEBUG:colcon.colcon_core.verb:Building package 'overlord100_msgs' with the following arguments: {'ament_cmake_args': None, 'build_base': '/home/ws/src/Overlord100-controller/build/overlord100_msgs', 'catkin_cmake_args': None, 'catkin_skip_building_tests': False, 'cmake_args': None, 'cmake_clean_cache': False, 'cmake_clean_first': False, 'cmake_force_configure': False, 'cmake_target': None, 'cmake_target_skip_unavailable': False, 'install_base': '/home/ws/src/Overlord100-controller/install/overlord100_msgs', 'merge_install': False, 'path': '/home/ws/src/Overlord100-controller/overlord100_msgs', 'symlink_install': False, 'test_result_base': None}
[0.492s] INFO:colcon.colcon_core.executor:Executing jobs using 'parallel' executor
[0.493s] DEBUG:colcon.colcon_parallel_executor.executor.parallel:run_until_complete
[0.494s] INFO:colcon.colcon_ros.task.ament_cmake.build:Building ROS package in '/home/ws/src/Overlord100-controller/overlord100_msgs' with build type 'ament_cmake'
[0.494s] INFO:colcon.colcon_cmake.task.cmake.build:Building CMake package in '/home/ws/src/Overlord100-controller/overlord100_msgs'
[0.498s] INFO:colcon.colcon_core.plugin_system:Skipping extension 'colcon_core.shell.bat': Not used on non-Windows systems
[0.498s] INFO:colcon.colcon_core.shell:Skip shell extension 'powershell' for command environment: Not usable outside of PowerShell
[0.498s] DEBUG:colcon.colcon_core.shell:Skip shell extension 'dsv' for command environment
[0.514s] DEBUG:colcon.colcon_core.event_handler.log_command:Invoking command in '/home/ws/src/Overlord100-controller/build/overlord100_msgs': CMAKE_PREFIX_PATH=/opt/ros/humble /usr/bin/cmake /home/ws/src/Overlord100-controller/overlord100_msgs -DCMAKE_INSTALL_PREFIX=/home/ws/src/Overlord100-controller/install/overlord100_msgs
[2.938s] DEBUG:colcon.colcon_core.event_handler.log_command:Invoked command in '/home/ws/src/Overlord100-controller/build/overlord100_msgs' returned '0': CMAKE_PREFIX_PATH=/opt/ros/humble /usr/bin/cmake /home/ws/src/Overlord100-controller/overlord100_msgs -DCMAKE_INSTALL_PREFIX=/home/ws/src/Overlord100-controller/install/overlord100_msgs
[2.942s] DEBUG:colcon.colcon_core.event_handler.log_command:Invoking command in '/home/ws/src/Overlord100-controller/build/overlord100_msgs': CMAKE_PREFIX_PATH=/opt/ros/humble /usr/bin/cmake --build /home/ws/src/Overlord100-controller/build/overlord100_msgs -- -j8 -l8
[6.108s] DEBUG:colcon.colcon_core.event_handler.log_command:Invoked command in '/home/ws/src/Overlord100-controller/build/overlord100_msgs' returned '0': CMAKE_PREFIX_PATH=/opt/ros/humble /usr/bin/cmake --build /home/ws/src/Overlord100-controller/build/overlord100_msgs -- -j8 -l8
[6.243s] DEBUG:colcon.colcon_core.event_handler.log_command:Invoking command in '/home/ws/src/Overlord100-controller/build/overlord100_msgs': CMAKE_PREFIX_PATH=/opt/ros/humble /usr/bin/cmake --install /home/ws/src/Overlord100-controller/build/overlord100_msgs
[6.349s] Level 1:colcon.colcon_core.environment:create_environment_scripts_only(overlord100_msgs)
[6.350s] DEBUG:colcon.colcon_core.event_handler.log_command:Invoked command in '/home/ws/src/Overlord100-controller/build/overlord100_msgs' returned '0': CMAKE_PREFIX_PATH=/opt/ros/humble /usr/bin/cmake --install /home/ws/src/Overlord100-controller/build/overlord100_msgs
[6.353s] Level 1:colcon.colcon_core.environment:checking '/home/ws/src/Overlord100-controller/install/overlord100_msgs' for CMake module files
[6.354s] Level 1:colcon.colcon_core.environment:checking '/home/ws/src/Overlord100-controller/install/overlord100_msgs' for CMake config files
[6.355s] Level 1:colcon.colcon_core.shell:create_environment_hook('overlord100_msgs', 'cmake_prefix_path')
[6.355s] INFO:colcon.colcon_core.shell:Creating environment hook '/home/ws/src/Overlord100-controller/install/overlord100_msgs/share/overlord100_msgs/hook/cmake_prefix_path.ps1'
[6.356s] INFO:colcon.colcon_core.shell:Creating environment descriptor '/home/ws/src/Overlord100-controller/install/overlord100_msgs/share/overlord100_msgs/hook/cmake_prefix_path.dsv'
[6.356s] INFO:colcon.colcon_core.shell:Creating environment hook '/home/ws/src/Overlord100-controller/install/overlord100_msgs/share/overlord100_msgs/hook/cmake_prefix_path.sh'
[6.358s] Level 1:colcon.colcon_core.environment:checking '/home/ws/src/Overlord100-controller/install/overlord100_msgs/lib'
[6.358s] Level 1:colcon.colcon_core.shell:create_environment_hook('overlord100_msgs', 'ld_library_path_lib')
[6.358s] INFO:colcon.colcon_core.shell:Creating environment hook '/home/ws/src/Overlord100-controller/install/overlord100_msgs/share/overlord100_msgs/hook/ld_library_path_lib.ps1'
[6.361s] INFO:colcon.colcon_core.shell:Creating environment descriptor '/home/ws/src/Overlord100-controller/install/overlord100_msgs/share/overlord100_msgs/hook/ld_library_path_lib.dsv'
[6.361s] INFO:colcon.colcon_core.shell:Creating environment hook '/home/ws/src/Overlord100-controller/install/overlord100_msgs/share/overlord100_msgs/hook/ld_library_path_lib.sh'
[6.361s] Level 1:colcon.colcon_core.environment:checking '/home/ws/src/Overlord100-controller/install/overlord100_msgs/bin'
[6.362s] Level 1:colcon.colcon_core.environment:checking '/home/ws/src/Overlord100-controller/install/overlord100_msgs/lib/pkgconfig/overlord100_msgs.pc'
[6.364s] Level 1:colcon.colcon_core.environment:checking '/home/ws/src/Overlord100-controller/install/overlord100_msgs/lib/python3.10/site-packages'
[6.364s] Level 1:colcon.colcon_core.environment:checking '/home/ws/src/Overlord100-controller/install/overlord100_msgs/bin'
[6.365s] INFO:colcon.colcon_core.shell:Creating package script '/home/ws/src/Overlord100-controller/install/overlord100_msgs/share/overlord100_msgs/package.ps1'
[6.366s] INFO:colcon.colcon_core.shell:Creating package descriptor '/home/ws/src/Overlord100-controller/install/overlord100_msgs/share/overlord100_msgs/package.dsv'
[6.366s] INFO:colcon.colcon_core.shell:Creating package script '/home/ws/src/Overlord100-controller/install/overlord100_msgs/share/overlord100_msgs/package.sh'
[6.367s] INFO:colcon.colcon_core.shell:Creating package script '/home/ws/src/Overlord100-controller/install/overlord100_msgs/share/overlord100_msgs/package.bash'
[6.368s] INFO:colcon.colcon_core.shell:Creating package script '/home/ws/src/Overlord100-controller/install/overlord100_msgs/share/overlord100_msgs/package.zsh'
[6.369s] Level 1:colcon.colcon_core.environment:create_file_with_runtime_dependencies(/home/ws/src/Overlord100-controller/install/overlord100_msgs/share/colcon-core/packages/overlord100_msgs)
[6.494s] Level 1:colcon.colcon_core.environment:create_environment_scripts_only(overlord100_msgs)
[6.494s] Level 1:colcon.colcon_core.environment:checking '/home/ws/src/Overlord100-controller/install/overlord100_msgs' for CMake module files
[6.496s] Level 1:colcon.colcon_core.environment:checking '/home/ws/src/Overlord100-controller/install/overlord100_msgs' for CMake config files
[6.496s] Level 1:colcon.colcon_core.shell:create_environment_hook('overlord100_msgs', 'cmake_prefix_path')
[6.497s] INFO:colcon.colcon_core.shell:Creating environment hook '/home/ws/src/Overlord100-controller/install/overlord100_msgs/share/overlord100_msgs/hook/cmake_prefix_path.ps1'
[6.498s] INFO:colcon.colcon_core.shell:Creating environment descriptor '/home/ws/src/Overlord100-controller/install/overlord100_msgs/share/overlord100_msgs/hook/cmake_prefix_path.dsv'
[6.498s] INFO:colcon.colcon_core.shell:Creating environment hook '/home/ws/src/Overlord100-controller/install/overlord100_msgs/share/overlord100_msgs/hook/cmake_prefix_path.sh'
[6.499s] Level 1:colcon.colcon_core.environment:checking '/home/ws/src/Overlord100-controller/install/overlord100_msgs/lib'
[6.499s] Level 1:colcon.colcon_core.shell:create_environment_hook('overlord100_msgs', 'ld_library_path_lib')
[6.500s] INFO:colcon.colcon_core.shell:Creating environment hook '/home/ws/src/Overlord100-controller/install/overlord100_msgs/share/overlord100_msgs/hook/ld_library_path_lib.ps1'
[6.501s] INFO:colcon.colcon_core.shell:Creating environment descriptor '/home/ws/src/Overlord100-controller/install/overlord100_msgs/share/overlord100_msgs/hook/ld_library_path_lib.dsv'
[6.501s] INFO:colcon.colcon_core.shell:Creating environment hook '/home/ws/src/Overlord100-controller/install/overlord100_msgs/share/overlord100_msgs/hook/ld_library_path_lib.sh'
[6.502s] Level 1:colcon.colcon_core.environment:checking '/home/ws/src/Overlord100-controller/install/overlord100_msgs/bin'
[6.502s] Level 1:colcon.colcon_core.environment:checking '/home/ws/src/Overlord100-controller/install/overlord100_msgs/lib/pkgconfig/overlord100_msgs.pc'
[6.502s] Level 1:colcon.colcon_core.environment:checking '/home/ws/src/Overlord100-controller/install/overlord100_msgs/lib/python3.10/site-packages'
[6.502s] Level 1:colcon.colcon_core.environment:checking '/home/ws/src/Overlord100-controller/install/overlord100_msgs/bin'
[6.503s] INFO:colcon.colcon_core.shell:Creating package script '/home/ws/src/Overlord100-controller/install/overlord100_msgs/share/overlord100_msgs/package.ps1'
[6.504s] INFO:colcon.colcon_core.shell:Creating package descriptor '/home/ws/src/Overlord100-controller/install/overlord100_msgs/share/overlord100_msgs/package.dsv'
[6.505s] INFO:colcon.colcon_core.shell:Creating package script '/home/ws/src/Overlord100-controller/install/overlord100_msgs/share/overlord100_msgs/package.sh'
[6.506s] INFO:colcon.colcon_core.shell:Creating package script '/home/ws/src/Overlord100-controller/install/overlord100_msgs/share/overlord100_msgs/package.bash'
[6.506s] INFO:colcon.colcon_core.shell:Creating package script '/home/ws/src/Overlord100-controller/install/overlord100_msgs/share/overlord100_msgs/package.zsh'
[6.507s] Level 1:colcon.colcon_core.environment:create_file_with_runtime_dependencies(/home/ws/src/Overlord100-controller/install/overlord100_msgs/share/colcon-core/packages/overlord100_msgs)
[6.507s] DEBUG:colcon.colcon_parallel_executor.executor.parallel:closing loop
[6.508s] DEBUG:colcon.colcon_parallel_executor.executor.parallel:loop closed
[6.508s] DEBUG:colcon.colcon_parallel_executor.executor.parallel:run_until_complete finished with '0'
[6.508s] DEBUG:colcon.colcon_core.event_reactor:joining thread
[6.540s] INFO:colcon.colcon_core.plugin_system:Skipping extension 'colcon_notification.desktop_notification.notify_send': Could not find 'notify-send'
[6.540s] INFO:colcon.colcon_core.plugin_system:Skipping extension 'colcon_notification.desktop_notification.terminal_notifier': Not used on non-Darwin systems
[6.540s] INFO:colcon.colcon_core.plugin_system:Skipping extension 'colcon_notification.desktop_notification.win32': Not used on non-Windows systems
[6.540s] INFO:colcon.colcon_notification.desktop_notification:Sending desktop notification using 'notify2'
[6.546s] DEBUG:colcon.colcon_notification.desktop_notification.notify2:Failed to initialize notify2: org.freedesktop.DBus.Error.Spawn.ExecFailed: /usr/bin/dbus-launch terminated abnormally without any error message
[6.546s] DEBUG:colcon.colcon_core.event_reactor:joined thread
[6.547s] INFO:colcon.colcon_core.shell:Creating prefix script '/home/ws/src/Overlord100-controller/install/local_setup.ps1'
[6.549s] INFO:colcon.colcon_core.shell:Creating prefix util module '/home/ws/src/Overlord100-controller/install/_local_setup_util_ps1.py'
[6.551s] INFO:colcon.colcon_core.shell:Creating prefix chain script '/home/ws/src/Overlord100-controller/install/setup.ps1'
[6.552s] INFO:colcon.colcon_core.shell:Creating prefix script '/home/ws/src/Overlord100-controller/install/local_setup.sh'
[6.553s] INFO:colcon.colcon_core.shell:Creating prefix util module '/home/ws/src/Overlord100-controller/install/_local_setup_util_sh.py'
[6.553s] INFO:colcon.colcon_core.shell:Creating prefix chain script '/home/ws/src/Overlord100-controller/install/setup.sh'
[6.555s] INFO:colcon.colcon_core.shell:Creating prefix script '/home/ws/src/Overlord100-controller/install/local_setup.bash'
[6.555s] INFO:colcon.colcon_core.shell:Creating prefix chain script '/home/ws/src/Overlord100-controller/install/setup.bash'
[6.556s] INFO:colcon.colcon_core.shell:Creating prefix script '/home/ws/src/Overlord100-controller/install/local_setup.zsh'
[6.557s] INFO:colcon.colcon_core.shell:Creating prefix chain script '/home/ws/src/Overlord100-controller/install/setup.zsh'
