-- The C compiler identification is GNU 11.4.0
-- The CXX compiler identification is GNU 11.4.0
-- Detecting C compiler ABI info
-- Detecting C compiler ABI info - done
-- Check for working C compiler: /usr/bin/cc - skipped
-- Detecting C compile features
-- Detecting C compile features - done
-- Detecting CXX compiler ABI info
-- Detecting CXX compiler ABI info - done
-- Check for working CXX compiler: /usr/bin/c++ - skipped
-- Detecting CXX compile features
-- Detecting CXX compile features - done
-- Found ament_cmake: 1.3.9 (/opt/ros/humble/share/ament_cmake/cmake)
-- Found Python3: /usr/bin/python3 (found version "3.10.12") found components: Interpreter 
-- Found rclcpp: 16.0.9 (/opt/ros/humble/share/rclcpp/cmake)
-- Found rosidl_generator_c: 3.1.5 (/opt/ros/humble/share/rosidl_generator_c/cmake)
-- Found rosidl_adapter: 3.1.5 (/opt/ros/humble/share/rosidl_adapter/cmake)
-- Found rosidl_generator_cpp: 3.1.5 (/opt/ros/humble/share/rosidl_generator_cpp/cmake)
-- Using all available rosidl_typesupport_c: rosidl_typesupport_fastrtps_c;rosidl_typesupport_introspection_c
-- Using all available rosidl_typesupport_cpp: rosidl_typesupport_fastrtps_cpp;rosidl_typesupport_introspection_cpp
-- Found rmw_implementation_cmake: 6.1.2 (/opt/ros/humble/share/rmw_implementation_cmake/cmake)
-- Found rmw_fastrtps_cpp: 6.2.6 (/opt/ros/humble/share/rmw_fastrtps_cpp/cmake)
-- Found OpenSSL: /usr/lib/x86_64-linux-gnu/libcrypto.so (found version "3.0.2")  
-- Found FastRTPS: /opt/ros/humble/include  
-- Using RMW implementation 'rmw_fastrtps_cpp' as default
-- Looking for pthread.h
-- Looking for pthread.h - found
-- Performing Test CMAKE_HAVE_LIBC_PTHREAD
-- Performing Test CMAKE_HAVE_LIBC_PTHREAD - Success
-- Found Threads: TRUE  
-- Found geometry_msgs: 4.2.4 (/opt/ros/humble/share/geometry_msgs/cmake)
-- Found overlord100_msgs: 0.0.0 (/home/ws/src/Overlord100-controller/install/overlord100_msgs/share/overlord100_msgs/cmake)
-- Found ament_lint_auto: 0.12.11 (/opt/ros/humble/share/ament_lint_auto/cmake)
-- Added test 'cppcheck' to perform static code analysis on C / C++ code
-- Configured cppcheck include dirs: 
-- Configured cppcheck exclude dirs and/or files: 
-- Added test 'flake8' to check Python code syntax and style conventions
-- Added test 'lint_cmake' to check CMake code style
-- Added test 'pep257' to check Python code against some of the docstring style conventions in PEP 257
-- Added test 'uncrustify' to check C / C++ code style
-- Configured uncrustify additional arguments: 
-- Added test 'xmllint' to check XML markup files
-- Configuring done
-- Generating done
-- Build files have been written to: /home/ws/src/Overlord100-controller/build/overlord100_controller
[ 50%] [32mBuilding CXX object CMakeFiles/controller_subscriber.dir/src/controller_subscriber.cpp.o[0m
[ 50%] [32mBuilding CXX object CMakeFiles/diff_drive_controller.dir/src/controller.cpp.o[0m
[ 50%] [32mBuilding CXX object CMakeFiles/cmd_vel_publisher.dir/src/cmd_vel_publisher.cpp.o[0m
[ 66%] [32m[1mLinking CXX executable cmd_vel_publisher[0m
[ 66%] Built target cmd_vel_publisher
[ 83%] [32m[1mLinking CXX executable controller_subscriber[0m
[100%] [32m[1mLinking CXX executable diff_drive_controller[0m
[100%] Built target controller_subscriber
[100%] Built target diff_drive_controller
-- Install configuration: ""
-- Installing: /home/ws/src/Overlord100-controller/install/overlord100_controller/lib/overlord100_controller/diff_drive_controller
-- Set runtime path of "/home/ws/src/Overlord100-controller/install/overlord100_controller/lib/overlord100_controller/diff_drive_controller" to ""
-- Installing: /home/ws/src/Overlord100-controller/install/overlord100_controller/lib/overlord100_controller/controller_subscriber
-- Set runtime path of "/home/ws/src/Overlord100-controller/install/overlord100_controller/lib/overlord100_controller/controller_subscriber" to ""
-- Installing: /home/ws/src/Overlord100-controller/install/overlord100_controller/lib/overlord100_controller/cmd_vel_publisher
-- Set runtime path of "/home/ws/src/Overlord100-controller/install/overlord100_controller/lib/overlord100_controller/cmd_vel_publisher" to ""
-- Installing: /home/ws/src/Overlord100-controller/install/overlord100_controller/share/ament_index/resource_index/package_run_dependencies/overlord100_controller
-- Installing: /home/ws/src/Overlord100-controller/install/overlord100_controller/share/ament_index/resource_index/parent_prefix_path/overlord100_controller
-- Installing: /home/ws/src/Overlord100-controller/install/overlord100_controller/share/overlord100_controller/environment/ament_prefix_path.sh
-- Installing: /home/ws/src/Overlord100-controller/install/overlord100_controller/share/overlord100_controller/environment/ament_prefix_path.dsv
-- Installing: /home/ws/src/Overlord100-controller/install/overlord100_controller/share/overlord100_controller/environment/path.sh
-- Installing: /home/ws/src/Overlord100-controller/install/overlord100_controller/share/overlord100_controller/environment/path.dsv
-- Installing: /home/ws/src/Overlord100-controller/install/overlord100_controller/share/overlord100_controller/local_setup.bash
-- Installing: /home/ws/src/Overlord100-controller/install/overlord100_controller/share/overlord100_controller/local_setup.sh
-- Installing: /home/ws/src/Overlord100-controller/install/overlord100_controller/share/overlord100_controller/local_setup.zsh
-- Installing: /home/ws/src/Overlord100-controller/install/overlord100_controller/share/overlord100_controller/local_setup.dsv
-- Installing: /home/ws/src/Overlord100-controller/install/overlord100_controller/share/overlord100_controller/package.dsv
-- Installing: /home/ws/src/Overlord100-controller/install/overlord100_controller/share/ament_index/resource_index/packages/overlord100_controller
-- Installing: /home/ws/src/Overlord100-controller/install/overlord100_controller/share/overlord100_controller/cmake/overlord100_controllerConfig.cmake
-- Installing: /home/ws/src/Overlord100-controller/install/overlord100_controller/share/overlord100_controller/cmake/overlord100_controllerConfig-version.cmake
-- Installing: /home/ws/src/Overlord100-controller/install/overlord100_controller/share/overlord100_controller/package.xml
