[0.024s] Invoking command in '/home/ws/src/Overlord100-controller/build/overlord100_controller': AMENT_PREFIX_PATH=/home/ws/src/Overlord100-controller/install/overlord100_msgs:${AMENT_PREFIX_PATH} CMAKE_PREFIX_PATH=/home/ws/src/Overlord100-controller/install/overlord100_msgs:/opt/ros/humble LD_LIBRARY_PATH=/home/ws/src/Overlord100-controller/install/overlord100_msgs/lib:${LD_LIBRARY_PATH} PYTHONPATH=/home/ws/src/Overlord100-controller/install/overlord100_msgs/local/lib/python3.10/dist-packages:${PYTHONPATH} /usr/bin/cmake /home/ws/src/Overlord100-controller/overlord100_controller -DCMAKE_INSTALL_PREFIX=/home/ws/src/Overlord100-controller/install/overlord100_controller
[0.118s] -- The C compiler identification is GNU 11.4.0
[0.207s] -- The CXX compiler identification is GNU 11.4.0
[0.221s] -- Detecting C compiler ABI info
[0.347s] -- Detecting C compiler ABI info - done
[0.360s] -- Check for working C compiler: /usr/bin/cc - skipped
[0.360s] -- Detecting C compile features
[0.361s] -- Detecting C compile features - done
[0.365s] -- Detecting CXX compiler ABI info
[0.498s] -- Detecting CXX compiler ABI info - done
[0.509s] -- Check for working CXX compiler: /usr/bin/c++ - skipped
[0.509s] -- Detecting CXX compile features
[0.510s] -- Detecting CXX compile features - done
[0.518s] -- Found ament_cmake: 1.3.9 (/opt/ros/humble/share/ament_cmake/cmake)
[0.754s] -- Found Python3: /usr/bin/python3 (found version "3.10.12") found components: Interpreter 
[0.967s] -- Found rclcpp: 16.0.9 (/opt/ros/humble/share/rclcpp/cmake)
[1.069s] -- Found rosidl_generator_c: 3.1.5 (/opt/ros/humble/share/rosidl_generator_c/cmake)
[1.082s] -- Found rosidl_adapter: 3.1.5 (/opt/ros/humble/share/rosidl_adapter/cmake)
[1.099s] -- Found rosidl_generator_cpp: 3.1.5 (/opt/ros/humble/share/rosidl_generator_cpp/cmake)
[1.124s] -- Using all available rosidl_typesupport_c: rosidl_typesupport_fastrtps_c;rosidl_typesupport_introspection_c
[1.161s] -- Using all available rosidl_typesupport_cpp: rosidl_typesupport_fastrtps_cpp;rosidl_typesupport_introspection_cpp
[1.298s] -- Found rmw_implementation_cmake: 6.1.2 (/opt/ros/humble/share/rmw_implementation_cmake/cmake)
[1.305s] -- Found rmw_fastrtps_cpp: 6.2.6 (/opt/ros/humble/share/rmw_fastrtps_cpp/cmake)
[1.527s] -- Found OpenSSL: /usr/lib/x86_64-linux-gnu/libcrypto.so (found version "3.0.2")  
[1.585s] -- Found FastRTPS: /opt/ros/humble/include  
[1.680s] -- Using RMW implementation 'rmw_fastrtps_cpp' as default
[1.707s] -- Looking for pthread.h
[1.855s] -- Looking for pthread.h - found
[1.856s] -- Performing Test CMAKE_HAVE_LIBC_PTHREAD
[2.002s] -- Performing Test CMAKE_HAVE_LIBC_PTHREAD - Success
[2.003s] -- Found Threads: TRUE  
[2.248s] -- Found geometry_msgs: 4.2.4 (/opt/ros/humble/share/geometry_msgs/cmake)
[2.306s] -- Found overlord100_msgs: 0.0.0 (/home/ws/src/Overlord100-controller/install/overlord100_msgs/share/overlord100_msgs/cmake)
[2.334s] -- Found ament_lint_auto: 0.12.11 (/opt/ros/humble/share/ament_lint_auto/cmake)
[2.476s] -- Added test 'cppcheck' to perform static code analysis on C / C++ code
[2.477s] -- Configured cppcheck include dirs: 
[2.477s] -- Configured cppcheck exclude dirs and/or files: 
[2.478s] -- Added test 'flake8' to check Python code syntax and style conventions
[2.481s] -- Added test 'lint_cmake' to check CMake code style
[2.482s] -- Added test 'pep257' to check Python code against some of the docstring style conventions in PEP 257
[2.491s] -- Added test 'uncrustify' to check C / C++ code style
[2.491s] -- Configured uncrustify additional arguments: 
[2.492s] -- Added test 'xmllint' to check XML markup files
[2.494s] -- Configuring done
[2.524s] -- Generating done
[2.527s] -- Build files have been written to: /home/ws/src/Overlord100-controller/build/overlord100_controller
[2.543s] Invoked command in '/home/ws/src/Overlord100-controller/build/overlord100_controller' returned '0': AMENT_PREFIX_PATH=/home/ws/src/Overlord100-controller/install/overlord100_msgs:${AMENT_PREFIX_PATH} CMAKE_PREFIX_PATH=/home/ws/src/Overlord100-controller/install/overlord100_msgs:/opt/ros/humble LD_LIBRARY_PATH=/home/ws/src/Overlord100-controller/install/overlord100_msgs/lib:${LD_LIBRARY_PATH} PYTHONPATH=/home/ws/src/Overlord100-controller/install/overlord100_msgs/local/lib/python3.10/dist-packages:${PYTHONPATH} /usr/bin/cmake /home/ws/src/Overlord100-controller/overlord100_controller -DCMAKE_INSTALL_PREFIX=/home/ws/src/Overlord100-controller/install/overlord100_controller
[2.546s] Invoking command in '/home/ws/src/Overlord100-controller/build/overlord100_controller': AMENT_PREFIX_PATH=/home/ws/src/Overlord100-controller/install/overlord100_msgs:${AMENT_PREFIX_PATH} CMAKE_PREFIX_PATH=/home/ws/src/Overlord100-controller/install/overlord100_msgs:/opt/ros/humble LD_LIBRARY_PATH=/home/ws/src/Overlord100-controller/install/overlord100_msgs/lib:${LD_LIBRARY_PATH} PYTHONPATH=/home/ws/src/Overlord100-controller/install/overlord100_msgs/local/lib/python3.10/dist-packages:${PYTHONPATH} /usr/bin/cmake --build /home/ws/src/Overlord100-controller/build/overlord100_controller -- -j8 -l8
[2.636s] [ 50%] [32mBuilding CXX object CMakeFiles/controller_subscriber.dir/src/controller_subscriber.cpp.o[0m
[2.636s] [ 50%] [32mBuilding CXX object CMakeFiles/diff_drive_controller.dir/src/controller.cpp.o[0m
[2.636s] [ 50%] [32mBuilding CXX object CMakeFiles/cmd_vel_publisher.dir/src/cmd_vel_publisher.cpp.o[0m
[9.795s] [ 66%] [32m[1mLinking CXX executable cmd_vel_publisher[0m
[10.374s] [ 66%] Built target cmd_vel_publisher
[14.942s] [ 83%] [32m[1mLinking CXX executable controller_subscriber[0m
[15.414s] [100%] [32m[1mLinking CXX executable diff_drive_controller[0m
[15.792s] [100%] Built target controller_subscriber
[16.194s] [100%] Built target diff_drive_controller
[16.220s] Invoked command in '/home/ws/src/Overlord100-controller/build/overlord100_controller' returned '0': AMENT_PREFIX_PATH=/home/ws/src/Overlord100-controller/install/overlord100_msgs:${AMENT_PREFIX_PATH} CMAKE_PREFIX_PATH=/home/ws/src/Overlord100-controller/install/overlord100_msgs:/opt/ros/humble LD_LIBRARY_PATH=/home/ws/src/Overlord100-controller/install/overlord100_msgs/lib:${LD_LIBRARY_PATH} PYTHONPATH=/home/ws/src/Overlord100-controller/install/overlord100_msgs/local/lib/python3.10/dist-packages:${PYTHONPATH} /usr/bin/cmake --build /home/ws/src/Overlord100-controller/build/overlord100_controller -- -j8 -l8
[16.301s] Invoking command in '/home/ws/src/Overlord100-controller/build/overlord100_controller': AMENT_PREFIX_PATH=/home/ws/src/Overlord100-controller/install/overlord100_msgs:${AMENT_PREFIX_PATH} CMAKE_PREFIX_PATH=/home/ws/src/Overlord100-controller/install/overlord100_msgs:/opt/ros/humble LD_LIBRARY_PATH=/home/ws/src/Overlord100-controller/install/overlord100_msgs/lib:${LD_LIBRARY_PATH} PYTHONPATH=/home/ws/src/Overlord100-controller/install/overlord100_msgs/local/lib/python3.10/dist-packages:${PYTHONPATH} /usr/bin/cmake --install /home/ws/src/Overlord100-controller/build/overlord100_controller
[16.315s] -- Install configuration: ""
[16.316s] -- Installing: /home/ws/src/Overlord100-controller/install/overlord100_controller/lib/overlord100_controller/diff_drive_controller
[16.322s] -- Set runtime path of "/home/ws/src/Overlord100-controller/install/overlord100_controller/lib/overlord100_controller/diff_drive_controller" to ""
[16.322s] -- Installing: /home/ws/src/Overlord100-controller/install/overlord100_controller/lib/overlord100_controller/controller_subscriber
[16.328s] -- Set runtime path of "/home/ws/src/Overlord100-controller/install/overlord100_controller/lib/overlord100_controller/controller_subscriber" to ""
[16.329s] -- Installing: /home/ws/src/Overlord100-controller/install/overlord100_controller/lib/overlord100_controller/cmd_vel_publisher
[16.331s] -- Set runtime path of "/home/ws/src/Overlord100-controller/install/overlord100_controller/lib/overlord100_controller/cmd_vel_publisher" to ""
[16.331s] -- Installing: /home/ws/src/Overlord100-controller/install/overlord100_controller/share/ament_index/resource_index/package_run_dependencies/overlord100_controller
[16.332s] -- Installing: /home/ws/src/Overlord100-controller/install/overlord100_controller/share/ament_index/resource_index/parent_prefix_path/overlord100_controller
[16.334s] -- Installing: /home/ws/src/Overlord100-controller/install/overlord100_controller/share/overlord100_controller/environment/ament_prefix_path.sh
[16.334s] -- Installing: /home/ws/src/Overlord100-controller/install/overlord100_controller/share/overlord100_controller/environment/ament_prefix_path.dsv
[16.335s] -- Installing: /home/ws/src/Overlord100-controller/install/overlord100_controller/share/overlord100_controller/environment/path.sh
[16.335s] -- Installing: /home/ws/src/Overlord100-controller/install/overlord100_controller/share/overlord100_controller/environment/path.dsv
[16.335s] -- Installing: /home/ws/src/Overlord100-controller/install/overlord100_controller/share/overlord100_controller/local_setup.bash
[16.336s] -- Installing: /home/ws/src/Overlord100-controller/install/overlord100_controller/share/overlord100_controller/local_setup.sh
[16.336s] -- Installing: /home/ws/src/Overlord100-controller/install/overlord100_controller/share/overlord100_controller/local_setup.zsh
[16.336s] -- Installing: /home/ws/src/Overlord100-controller/install/overlord100_controller/share/overlord100_controller/local_setup.dsv
[16.337s] -- Installing: /home/ws/src/Overlord100-controller/install/overlord100_controller/share/overlord100_controller/package.dsv
[16.337s] -- Installing: /home/ws/src/Overlord100-controller/install/overlord100_controller/share/ament_index/resource_index/packages/overlord100_controller
[16.338s] -- Installing: /home/ws/src/Overlord100-controller/install/overlord100_controller/share/overlord100_controller/cmake/overlord100_controllerConfig.cmake
[16.338s] -- Installing: /home/ws/src/Overlord100-controller/install/overlord100_controller/share/overlord100_controller/cmake/overlord100_controllerConfig-version.cmake
[16.338s] -- Installing: /home/ws/src/Overlord100-controller/install/overlord100_controller/share/overlord100_controller/package.xml
[16.344s] Invoked command in '/home/ws/src/Overlord100-controller/build/overlord100_controller' returned '0': AMENT_PREFIX_PATH=/home/ws/src/Overlord100-controller/install/overlord100_msgs:${AMENT_PREFIX_PATH} CMAKE_PREFIX_PATH=/home/ws/src/Overlord100-controller/install/overlord100_msgs:/opt/ros/humble LD_LIBRARY_PATH=/home/ws/src/Overlord100-controller/install/overlord100_msgs/lib:${LD_LIBRARY_PATH} PYTHONPATH=/home/ws/src/Overlord100-controller/install/overlord100_msgs/local/lib/python3.10/dist-packages:${PYTHONPATH} /usr/bin/cmake --install /home/ws/src/Overlord100-controller/build/overlord100_controller
