[0.146s] DEBUG:colcon:Command line arguments: ['/usr/bin/colcon', 'build', '--packages-select', 'overlord100_controller']
[0.146s] DEBUG:colcon:Parsed command line arguments: Namespace(log_base=None, log_level=None, verb_name='build', build_base='build', install_base='install', merge_install=False, symlink_install=False, test_result_base=None, continue_on_error=False, executor='parallel', parallel_workers=8, event_handlers=None, ignore_user_meta=False, metas=['./colcon.meta'], base_paths=['.'], packages_ignore=None, packages_ignore_regex=None, paths=None, packages_up_to=None, packages_up_to_regex=None, packages_above=None, packages_above_and_dependencies=None, packages_above_depth=None, packages_select_by_dep=None, packages_skip_by_dep=None, packages_skip_up_to=None, packages_select_build_failed=False, packages_skip_build_finished=False, packages_select_test_failures=False, packages_skip_test_passed=False, packages_select=['overlord100_controller'], packages_skip=None, packages_select_regex=None, packages_skip_regex=None, packages_start=None, packages_end=None, cmake_args=None, cmake_target=None, cmake_target_skip_unavailable=False, cmake_clean_cache=False, cmake_clean_first=False, cmake_force_configure=False, ament_cmake_args=None, catkin_cmake_args=None, catkin_skip_building_tests=False, mixin_files=None, mixin=None, verb_parser=<colcon_mixin.mixin.mixin_argument.MixinArgumentDecorator object at 0x75f8eec209d0>, verb_extension=<colcon_core.verb.build.BuildVerb object at 0x75f8eec20460>, main=<bound method BuildVerb.main of <colcon_core.verb.build.BuildVerb object at 0x75f8eec20460>>, mixin_verb=('build',))
[0.363s] Level 1:colcon.colcon_core.package_discovery:discover_packages(colcon_meta) check parameters
[0.363s] Level 1:colcon.colcon_core.package_discovery:discover_packages(recursive) check parameters
[0.363s] Level 1:colcon.colcon_core.package_discovery:discover_packages(ignore) check parameters
[0.363s] Level 1:colcon.colcon_core.package_discovery:discover_packages(path) check parameters
[0.363s] Level 1:colcon.colcon_core.package_discovery:discover_packages(colcon_meta) discover
[0.363s] Level 1:colcon.colcon_core.package_discovery:discover_packages(recursive) discover
[0.363s] INFO:colcon.colcon_core.package_discovery:Crawling recursively for packages in '/home/ws/src/Overlord100-controller'
[0.364s] Level 1:colcon.colcon_core.package_identification:_identify(.) by extensions ['ignore', 'ignore_ament_install']
[0.364s] Level 1:colcon.colcon_core.package_identification:_identify(.) by extension 'ignore'
[0.364s] Level 1:colcon.colcon_core.package_identification:_identify(.) by extension 'ignore_ament_install'
[0.364s] Level 1:colcon.colcon_core.package_identification:_identify(.) by extensions ['colcon_pkg']
[0.364s] Level 1:colcon.colcon_core.package_identification:_identify(.) by extension 'colcon_pkg'
[0.364s] Level 1:colcon.colcon_core.package_identification:_identify(.) by extensions ['colcon_meta']
[0.364s] Level 1:colcon.colcon_core.package_identification:_identify(.) by extension 'colcon_meta'
[0.364s] Level 1:colcon.colcon_core.package_identification:_identify(.) by extensions ['ros']
[0.364s] Level 1:colcon.colcon_core.package_identification:_identify(.) by extension 'ros'
[0.381s] Level 1:colcon.colcon_core.package_identification:_identify(.) by extensions ['cmake', 'python']
[0.381s] Level 1:colcon.colcon_core.package_identification:_identify(.) by extension 'cmake'
[0.381s] Level 1:colcon.colcon_core.package_identification:_identify(.) by extension 'python'
[0.381s] Level 1:colcon.colcon_core.package_identification:_identify(.) by extensions ['python_setup_py']
[0.381s] Level 1:colcon.colcon_core.package_identification:_identify(.) by extension 'python_setup_py'
[0.382s] Level 1:colcon.colcon_core.package_identification:_identify(build) by extensions ['ignore', 'ignore_ament_install']
[0.382s] Level 1:colcon.colcon_core.package_identification:_identify(build) by extension 'ignore'
[0.382s] Level 1:colcon.colcon_core.package_identification:_identify(build) ignored
[0.382s] Level 1:colcon.colcon_core.package_identification:_identify(install) by extensions ['ignore', 'ignore_ament_install']
[0.382s] Level 1:colcon.colcon_core.package_identification:_identify(install) by extension 'ignore'
[0.382s] Level 1:colcon.colcon_core.package_identification:_identify(install) ignored
[0.382s] Level 1:colcon.colcon_core.package_identification:_identify(log) by extensions ['ignore', 'ignore_ament_install']
[0.382s] Level 1:colcon.colcon_core.package_identification:_identify(log) by extension 'ignore'
[0.382s] Level 1:colcon.colcon_core.package_identification:_identify(log) ignored
[0.382s] Level 1:colcon.colcon_core.package_identification:_identify(overlord100_controller) by extensions ['ignore', 'ignore_ament_install']
[0.383s] Level 1:colcon.colcon_core.package_identification:_identify(overlord100_controller) by extension 'ignore'
[0.383s] Level 1:colcon.colcon_core.package_identification:_identify(overlord100_controller) by extension 'ignore_ament_install'
[0.383s] Level 1:colcon.colcon_core.package_identification:_identify(overlord100_controller) by extensions ['colcon_pkg']
[0.383s] Level 1:colcon.colcon_core.package_identification:_identify(overlord100_controller) by extension 'colcon_pkg'
[0.383s] Level 1:colcon.colcon_core.package_identification:_identify(overlord100_controller) by extensions ['colcon_meta']
[0.383s] Level 1:colcon.colcon_core.package_identification:_identify(overlord100_controller) by extension 'colcon_meta'
[0.383s] Level 1:colcon.colcon_core.package_identification:_identify(overlord100_controller) by extensions ['ros']
[0.383s] Level 1:colcon.colcon_core.package_identification:_identify(overlord100_controller) by extension 'ros'
[0.386s] DEBUG:colcon.colcon_core.package_identification:Package 'overlord100_controller' with type 'ros.ament_cmake' and name 'overlord100_controller'
[0.387s] Level 1:colcon.colcon_core.package_identification:_identify(overlord100_msgs) by extensions ['ignore', 'ignore_ament_install']
[0.387s] Level 1:colcon.colcon_core.package_identification:_identify(overlord100_msgs) by extension 'ignore'
[0.387s] Level 1:colcon.colcon_core.package_identification:_identify(overlord100_msgs) by extension 'ignore_ament_install'
[0.387s] Level 1:colcon.colcon_core.package_identification:_identify(overlord100_msgs) by extensions ['colcon_pkg']
[0.387s] Level 1:colcon.colcon_core.package_identification:_identify(overlord100_msgs) by extension 'colcon_pkg'
[0.387s] Level 1:colcon.colcon_core.package_identification:_identify(overlord100_msgs) by extensions ['colcon_meta']
[0.387s] Level 1:colcon.colcon_core.package_identification:_identify(overlord100_msgs) by extension 'colcon_meta'
[0.387s] Level 1:colcon.colcon_core.package_identification:_identify(overlord100_msgs) by extensions ['ros']
[0.387s] Level 1:colcon.colcon_core.package_identification:_identify(overlord100_msgs) by extension 'ros'
[0.388s] DEBUG:colcon.colcon_core.package_identification:Package 'overlord100_msgs' with type 'ros.ament_cmake' and name 'overlord100_msgs'
[0.388s] Level 1:colcon.colcon_core.package_discovery:discover_packages(recursive) using defaults
[0.388s] Level 1:colcon.colcon_core.package_discovery:discover_packages(ignore) discover
[0.388s] Level 1:colcon.colcon_core.package_discovery:discover_packages(ignore) using defaults
[0.388s] Level 1:colcon.colcon_core.package_discovery:discover_packages(path) discover
[0.388s] Level 1:colcon.colcon_core.package_discovery:discover_packages(path) using defaults
[0.415s] INFO:colcon.colcon_core.package_selection:Skipping not selected package 'overlord100_msgs' in 'overlord100_msgs'
[0.416s] Level 5:colcon.colcon_core.verb:set package 'overlord100_controller' build argument 'cmake_args' from command line to 'None'
[0.416s] Level 5:colcon.colcon_core.verb:set package 'overlord100_controller' build argument 'cmake_target' from command line to 'None'
[0.416s] Level 5:colcon.colcon_core.verb:set package 'overlord100_controller' build argument 'cmake_target_skip_unavailable' from command line to 'False'
[0.416s] Level 5:colcon.colcon_core.verb:set package 'overlord100_controller' build argument 'cmake_clean_cache' from command line to 'False'
[0.416s] Level 5:colcon.colcon_core.verb:set package 'overlord100_controller' build argument 'cmake_clean_first' from command line to 'False'
[0.416s] Level 5:colcon.colcon_core.verb:set package 'overlord100_controller' build argument 'cmake_force_configure' from command line to 'False'
[0.416s] Level 5:colcon.colcon_core.verb:set package 'overlord100_controller' build argument 'ament_cmake_args' from command line to 'None'
[0.416s] Level 5:colcon.colcon_core.verb:set package 'overlord100_controller' build argument 'catkin_cmake_args' from command line to 'None'
[0.416s] Level 5:colcon.colcon_core.verb:set package 'overlord100_controller' build argument 'catkin_skip_building_tests' from command line to 'False'
[0.416s] DEBUG:colcon.colcon_core.verb:Building package 'overlord100_controller' with the following arguments: {'ament_cmake_args': None, 'build_base': '/home/ws/src/Overlord100-controller/build/overlord100_controller', 'catkin_cmake_args': None, 'catkin_skip_building_tests': False, 'cmake_args': None, 'cmake_clean_cache': False, 'cmake_clean_first': False, 'cmake_force_configure': False, 'cmake_target': None, 'cmake_target_skip_unavailable': False, 'install_base': '/home/ws/src/Overlord100-controller/install/overlord100_controller', 'merge_install': False, 'path': '/home/ws/src/Overlord100-controller/overlord100_controller', 'symlink_install': False, 'test_result_base': None}
[0.416s] INFO:colcon.colcon_core.executor:Executing jobs using 'parallel' executor
[0.417s] DEBUG:colcon.colcon_parallel_executor.executor.parallel:run_until_complete
[0.418s] INFO:colcon.colcon_ros.task.ament_cmake.build:Building ROS package in '/home/ws/src/Overlord100-controller/overlord100_controller' with build type 'ament_cmake'
[0.418s] INFO:colcon.colcon_cmake.task.cmake.build:Building CMake package in '/home/ws/src/Overlord100-controller/overlord100_controller'
[0.421s] INFO:colcon.colcon_core.plugin_system:Skipping extension 'colcon_core.shell.bat': Not used on non-Windows systems
[0.421s] INFO:colcon.colcon_core.shell:Skip shell extension 'powershell' for command environment: Not usable outside of PowerShell
[0.421s] DEBUG:colcon.colcon_core.shell:Skip shell extension 'dsv' for command environment
[0.443s] DEBUG:colcon.colcon_core.event_handler.log_command:Invoking command in '/home/ws/src/Overlord100-controller/build/overlord100_controller': AMENT_PREFIX_PATH=/home/ws/src/Overlord100-controller/install/overlord100_msgs:${AMENT_PREFIX_PATH} CMAKE_PREFIX_PATH=/home/ws/src/Overlord100-controller/install/overlord100_msgs:/opt/ros/humble LD_LIBRARY_PATH=/home/ws/src/Overlord100-controller/install/overlord100_msgs/lib:${LD_LIBRARY_PATH} PYTHONPATH=/home/ws/src/Overlord100-controller/install/overlord100_msgs/local/lib/python3.10/dist-packages:${PYTHONPATH} /usr/bin/cmake /home/ws/src/Overlord100-controller/overlord100_controller -DCMAKE_INSTALL_PREFIX=/home/ws/src/Overlord100-controller/install/overlord100_controller
[2.963s] DEBUG:colcon.colcon_core.event_handler.log_command:Invoked command in '/home/ws/src/Overlord100-controller/build/overlord100_controller' returned '0': AMENT_PREFIX_PATH=/home/ws/src/Overlord100-controller/install/overlord100_msgs:${AMENT_PREFIX_PATH} CMAKE_PREFIX_PATH=/home/ws/src/Overlord100-controller/install/overlord100_msgs:/opt/ros/humble LD_LIBRARY_PATH=/home/ws/src/Overlord100-controller/install/overlord100_msgs/lib:${LD_LIBRARY_PATH} PYTHONPATH=/home/ws/src/Overlord100-controller/install/overlord100_msgs/local/lib/python3.10/dist-packages:${PYTHONPATH} /usr/bin/cmake /home/ws/src/Overlord100-controller/overlord100_controller -DCMAKE_INSTALL_PREFIX=/home/ws/src/Overlord100-controller/install/overlord100_controller
[2.965s] DEBUG:colcon.colcon_core.event_handler.log_command:Invoking command in '/home/ws/src/Overlord100-controller/build/overlord100_controller': AMENT_PREFIX_PATH=/home/ws/src/Overlord100-controller/install/overlord100_msgs:${AMENT_PREFIX_PATH} CMAKE_PREFIX_PATH=/home/ws/src/Overlord100-controller/install/overlord100_msgs:/opt/ros/humble LD_LIBRARY_PATH=/home/ws/src/Overlord100-controller/install/overlord100_msgs/lib:${LD_LIBRARY_PATH} PYTHONPATH=/home/ws/src/Overlord100-controller/install/overlord100_msgs/local/lib/python3.10/dist-packages:${PYTHONPATH} /usr/bin/cmake --build /home/ws/src/Overlord100-controller/build/overlord100_controller -- -j8 -l8
[16.639s] DEBUG:colcon.colcon_core.event_handler.log_command:Invoked command in '/home/ws/src/Overlord100-controller/build/overlord100_controller' returned '0': AMENT_PREFIX_PATH=/home/ws/src/Overlord100-controller/install/overlord100_msgs:${AMENT_PREFIX_PATH} CMAKE_PREFIX_PATH=/home/ws/src/Overlord100-controller/install/overlord100_msgs:/opt/ros/humble LD_LIBRARY_PATH=/home/ws/src/Overlord100-controller/install/overlord100_msgs/lib:${LD_LIBRARY_PATH} PYTHONPATH=/home/ws/src/Overlord100-controller/install/overlord100_msgs/local/lib/python3.10/dist-packages:${PYTHONPATH} /usr/bin/cmake --build /home/ws/src/Overlord100-controller/build/overlord100_controller -- -j8 -l8
[16.720s] DEBUG:colcon.colcon_core.event_handler.log_command:Invoking command in '/home/ws/src/Overlord100-controller/build/overlord100_controller': AMENT_PREFIX_PATH=/home/ws/src/Overlord100-controller/install/overlord100_msgs:${AMENT_PREFIX_PATH} CMAKE_PREFIX_PATH=/home/ws/src/Overlord100-controller/install/overlord100_msgs:/opt/ros/humble LD_LIBRARY_PATH=/home/ws/src/Overlord100-controller/install/overlord100_msgs/lib:${LD_LIBRARY_PATH} PYTHONPATH=/home/ws/src/Overlord100-controller/install/overlord100_msgs/local/lib/python3.10/dist-packages:${PYTHONPATH} /usr/bin/cmake --install /home/ws/src/Overlord100-controller/build/overlord100_controller
[16.760s] Level 1:colcon.colcon_core.environment:create_environment_scripts_only(overlord100_controller)
[16.762s] DEBUG:colcon.colcon_core.event_handler.log_command:Invoked command in '/home/ws/src/Overlord100-controller/build/overlord100_controller' returned '0': AMENT_PREFIX_PATH=/home/ws/src/Overlord100-controller/install/overlord100_msgs:${AMENT_PREFIX_PATH} CMAKE_PREFIX_PATH=/home/ws/src/Overlord100-controller/install/overlord100_msgs:/opt/ros/humble LD_LIBRARY_PATH=/home/ws/src/Overlord100-controller/install/overlord100_msgs/lib:${LD_LIBRARY_PATH} PYTHONPATH=/home/ws/src/Overlord100-controller/install/overlord100_msgs/local/lib/python3.10/dist-packages:${PYTHONPATH} /usr/bin/cmake --install /home/ws/src/Overlord100-controller/build/overlord100_controller
[16.774s] Level 1:colcon.colcon_core.environment:checking '/home/ws/src/Overlord100-controller/install/overlord100_controller' for CMake module files
[16.775s] Level 1:colcon.colcon_core.environment:checking '/home/ws/src/Overlord100-controller/install/overlord100_controller' for CMake config files
[16.775s] Level 1:colcon.colcon_core.shell:create_environment_hook('overlord100_controller', 'cmake_prefix_path')
[16.776s] INFO:colcon.colcon_core.shell:Creating environment hook '/home/ws/src/Overlord100-controller/install/overlord100_controller/share/overlord100_controller/hook/cmake_prefix_path.ps1'
[16.777s] INFO:colcon.colcon_core.shell:Creating environment descriptor '/home/ws/src/Overlord100-controller/install/overlord100_controller/share/overlord100_controller/hook/cmake_prefix_path.dsv'
[16.778s] INFO:colcon.colcon_core.shell:Creating environment hook '/home/ws/src/Overlord100-controller/install/overlord100_controller/share/overlord100_controller/hook/cmake_prefix_path.sh'
[16.780s] Level 1:colcon.colcon_core.environment:checking '/home/ws/src/Overlord100-controller/install/overlord100_controller/lib'
[16.780s] Level 1:colcon.colcon_core.environment:checking '/home/ws/src/Overlord100-controller/install/overlord100_controller/bin'
[16.781s] Level 1:colcon.colcon_core.environment:checking '/home/ws/src/Overlord100-controller/install/overlord100_controller/lib/pkgconfig/overlord100_controller.pc'
[16.787s] Level 1:colcon.colcon_core.environment:checking '/home/ws/src/Overlord100-controller/install/overlord100_controller/lib/python3.10/site-packages'
[16.787s] Level 1:colcon.colcon_core.environment:checking '/home/ws/src/Overlord100-controller/install/overlord100_controller/bin'
[16.788s] INFO:colcon.colcon_core.shell:Creating package script '/home/ws/src/Overlord100-controller/install/overlord100_controller/share/overlord100_controller/package.ps1'
[16.789s] INFO:colcon.colcon_core.shell:Creating package descriptor '/home/ws/src/Overlord100-controller/install/overlord100_controller/share/overlord100_controller/package.dsv'
[16.791s] INFO:colcon.colcon_core.shell:Creating package script '/home/ws/src/Overlord100-controller/install/overlord100_controller/share/overlord100_controller/package.sh'
[16.792s] INFO:colcon.colcon_core.shell:Creating package script '/home/ws/src/Overlord100-controller/install/overlord100_controller/share/overlord100_controller/package.bash'
[16.794s] INFO:colcon.colcon_core.shell:Creating package script '/home/ws/src/Overlord100-controller/install/overlord100_controller/share/overlord100_controller/package.zsh'
[16.795s] Level 1:colcon.colcon_core.environment:create_file_with_runtime_dependencies(/home/ws/src/Overlord100-controller/install/overlord100_controller/share/colcon-core/packages/overlord100_controller)
[16.853s] Level 1:colcon.colcon_core.environment:create_environment_scripts_only(overlord100_controller)
[16.853s] Level 1:colcon.colcon_core.environment:checking '/home/ws/src/Overlord100-controller/install/overlord100_controller' for CMake module files
[16.854s] Level 1:colcon.colcon_core.environment:checking '/home/ws/src/Overlord100-controller/install/overlord100_controller' for CMake config files
[16.855s] Level 1:colcon.colcon_core.shell:create_environment_hook('overlord100_controller', 'cmake_prefix_path')
[16.855s] INFO:colcon.colcon_core.shell:Creating environment hook '/home/ws/src/Overlord100-controller/install/overlord100_controller/share/overlord100_controller/hook/cmake_prefix_path.ps1'
[16.856s] INFO:colcon.colcon_core.shell:Creating environment descriptor '/home/ws/src/Overlord100-controller/install/overlord100_controller/share/overlord100_controller/hook/cmake_prefix_path.dsv'
[16.856s] INFO:colcon.colcon_core.shell:Creating environment hook '/home/ws/src/Overlord100-controller/install/overlord100_controller/share/overlord100_controller/hook/cmake_prefix_path.sh'
[16.857s] Level 1:colcon.colcon_core.environment:checking '/home/ws/src/Overlord100-controller/install/overlord100_controller/lib'
[16.857s] Level 1:colcon.colcon_core.environment:checking '/home/ws/src/Overlord100-controller/install/overlord100_controller/bin'
[16.857s] Level 1:colcon.colcon_core.environment:checking '/home/ws/src/Overlord100-controller/install/overlord100_controller/lib/pkgconfig/overlord100_controller.pc'
[16.857s] Level 1:colcon.colcon_core.environment:checking '/home/ws/src/Overlord100-controller/install/overlord100_controller/lib/python3.10/site-packages'
[16.858s] Level 1:colcon.colcon_core.environment:checking '/home/ws/src/Overlord100-controller/install/overlord100_controller/bin'
[16.858s] INFO:colcon.colcon_core.shell:Creating package script '/home/ws/src/Overlord100-controller/install/overlord100_controller/share/overlord100_controller/package.ps1'
[16.858s] INFO:colcon.colcon_core.shell:Creating package descriptor '/home/ws/src/Overlord100-controller/install/overlord100_controller/share/overlord100_controller/package.dsv'
[16.859s] INFO:colcon.colcon_core.shell:Creating package script '/home/ws/src/Overlord100-controller/install/overlord100_controller/share/overlord100_controller/package.sh'
[16.859s] INFO:colcon.colcon_core.shell:Creating package script '/home/ws/src/Overlord100-controller/install/overlord100_controller/share/overlord100_controller/package.bash'
[16.860s] INFO:colcon.colcon_core.shell:Creating package script '/home/ws/src/Overlord100-controller/install/overlord100_controller/share/overlord100_controller/package.zsh'
[16.860s] Level 1:colcon.colcon_core.environment:create_file_with_runtime_dependencies(/home/ws/src/Overlord100-controller/install/overlord100_controller/share/colcon-core/packages/overlord100_controller)
[16.861s] DEBUG:colcon.colcon_parallel_executor.executor.parallel:closing loop
[16.861s] DEBUG:colcon.colcon_parallel_executor.executor.parallel:loop closed
[16.861s] DEBUG:colcon.colcon_parallel_executor.executor.parallel:run_until_complete finished with '0'
[16.861s] DEBUG:colcon.colcon_core.event_reactor:joining thread
[16.896s] INFO:colcon.colcon_core.plugin_system:Skipping extension 'colcon_notification.desktop_notification.notify_send': Could not find 'notify-send'
[16.897s] INFO:colcon.colcon_core.plugin_system:Skipping extension 'colcon_notification.desktop_notification.terminal_notifier': Not used on non-Darwin systems
[16.897s] INFO:colcon.colcon_core.plugin_system:Skipping extension 'colcon_notification.desktop_notification.win32': Not used on non-Windows systems
[16.897s] INFO:colcon.colcon_notification.desktop_notification:Sending desktop notification using 'notify2'
[16.906s] DEBUG:colcon.colcon_notification.desktop_notification.notify2:Failed to initialize notify2: org.freedesktop.DBus.Error.Spawn.ExecFailed: /usr/bin/dbus-launch terminated abnormally without any error message
[16.907s] DEBUG:colcon.colcon_core.event_reactor:joined thread
[16.908s] INFO:colcon.colcon_core.shell:Creating prefix script '/home/ws/src/Overlord100-controller/install/local_setup.ps1'
[16.910s] INFO:colcon.colcon_core.shell:Creating prefix util module '/home/ws/src/Overlord100-controller/install/_local_setup_util_ps1.py'
[16.913s] INFO:colcon.colcon_core.shell:Creating prefix chain script '/home/ws/src/Overlord100-controller/install/setup.ps1'
[16.915s] INFO:colcon.colcon_core.shell:Creating prefix script '/home/ws/src/Overlord100-controller/install/local_setup.sh'
[16.916s] INFO:colcon.colcon_core.shell:Creating prefix util module '/home/ws/src/Overlord100-controller/install/_local_setup_util_sh.py'
[16.917s] INFO:colcon.colcon_core.shell:Creating prefix chain script '/home/ws/src/Overlord100-controller/install/setup.sh'
[16.918s] INFO:colcon.colcon_core.shell:Creating prefix script '/home/ws/src/Overlord100-controller/install/local_setup.bash'
[16.919s] INFO:colcon.colcon_core.shell:Creating prefix chain script '/home/ws/src/Overlord100-controller/install/setup.bash'
[16.920s] INFO:colcon.colcon_core.shell:Creating prefix script '/home/ws/src/Overlord100-controller/install/local_setup.zsh'
[16.921s] INFO:colcon.colcon_core.shell:Creating prefix chain script '/home/ws/src/Overlord100-controller/install/setup.zsh'
