[0.228s] DEBUG:colcon:Command line arguments: ['/usr/bin/colcon', 'build', '--packages-select', 'overlord100_msgs']
[0.229s] DEBUG:colcon:Parsed command line arguments: Namespace(log_base=None, log_level=None, verb_name='build', build_base='build', install_base='install', merge_install=False, symlink_install=False, test_result_base=None, continue_on_error=False, executor='parallel', parallel_workers=8, event_handlers=None, ignore_user_meta=False, metas=['./colcon.meta'], base_paths=['.'], packages_ignore=None, packages_ignore_regex=None, paths=None, packages_up_to=None, packages_up_to_regex=None, packages_above=None, packages_above_and_dependencies=None, packages_above_depth=None, packages_select_by_dep=None, packages_skip_by_dep=None, packages_skip_up_to=None, packages_select_build_failed=False, packages_skip_build_finished=False, packages_select_test_failures=False, packages_skip_test_passed=False, packages_select=['overlord100_msgs'], packages_skip=None, packages_select_regex=None, packages_skip_regex=None, packages_start=None, packages_end=None, allow_overriding=[], cmake_args=None, cmake_target=None, cmake_target_skip_unavailable=False, cmake_clean_cache=False, cmake_clean_first=False, cmake_force_configure=False, ament_cmake_args=None, catkin_cmake_args=None, catkin_skip_building_tests=False, mixin_files=None, mixin=None, verb_parser=<colcon_mixin.mixin.mixin_argument.MixinArgumentDecorator object at 0x7c10a544fee0>, verb_extension=<colcon_core.verb.build.BuildVerb object at 0x7c10a544f9a0>, main=<bound method BuildVerb.main of <colcon_core.verb.build.BuildVerb object at 0x7c10a544f9a0>>, mixin_verb=('build',))
[0.609s] Level 1:colcon.colcon_core.package_discovery:discover_packages(colcon_meta) check parameters
[0.609s] Level 1:colcon.colcon_core.package_discovery:discover_packages(recursive) check parameters
[0.609s] Level 1:colcon.colcon_core.package_discovery:discover_packages(ignore) check parameters
[0.609s] Level 1:colcon.colcon_core.package_discovery:discover_packages(path) check parameters
[0.609s] Level 1:colcon.colcon_core.package_discovery:discover_packages(colcon_meta) discover
[0.609s] Level 1:colcon.colcon_core.package_discovery:discover_packages(recursive) discover
[0.610s] INFO:colcon.colcon_core.package_discovery:Crawling recursively for packages in '/home/ekaterina/Workspace/overlord/SoftOverlord100/Overlord100-controller'
[0.610s] Level 1:colcon.colcon_core.package_identification:_identify(.) by extensions ['ignore', 'ignore_ament_install']
[0.610s] Level 1:colcon.colcon_core.package_identification:_identify(.) by extension 'ignore'
[0.610s] Level 1:colcon.colcon_core.package_identification:_identify(.) by extension 'ignore_ament_install'
[0.610s] Level 1:colcon.colcon_core.package_identification:_identify(.) by extensions ['colcon_pkg']
[0.610s] Level 1:colcon.colcon_core.package_identification:_identify(.) by extension 'colcon_pkg'
[0.610s] Level 1:colcon.colcon_core.package_identification:_identify(.) by extensions ['colcon_meta']
[0.610s] Level 1:colcon.colcon_core.package_identification:_identify(.) by extension 'colcon_meta'
[0.610s] Level 1:colcon.colcon_core.package_identification:_identify(.) by extensions ['ros']
[0.611s] Level 1:colcon.colcon_core.package_identification:_identify(.) by extension 'ros'
[0.630s] Level 1:colcon.colcon_core.package_identification:_identify(.) by extensions ['cmake', 'python']
[0.631s] Level 1:colcon.colcon_core.package_identification:_identify(.) by extension 'cmake'
[0.631s] Level 1:colcon.colcon_core.package_identification:_identify(.) by extension 'python'
[0.631s] Level 1:colcon.colcon_core.package_identification:_identify(.) by extensions ['python_setup_py']
[0.631s] Level 1:colcon.colcon_core.package_identification:_identify(.) by extension 'python_setup_py'
[0.631s] Level 1:colcon.colcon_core.package_identification:_identify(build) by extensions ['ignore', 'ignore_ament_install']
[0.631s] Level 1:colcon.colcon_core.package_identification:_identify(build) by extension 'ignore'
[0.631s] Level 1:colcon.colcon_core.package_identification:_identify(build) ignored
[0.632s] Level 1:colcon.colcon_core.package_identification:_identify(install) by extensions ['ignore', 'ignore_ament_install']
[0.632s] Level 1:colcon.colcon_core.package_identification:_identify(install) by extension 'ignore'
[0.632s] Level 1:colcon.colcon_core.package_identification:_identify(install) ignored
[0.632s] Level 1:colcon.colcon_core.package_identification:_identify(log) by extensions ['ignore', 'ignore_ament_install']
[0.632s] Level 1:colcon.colcon_core.package_identification:_identify(log) by extension 'ignore'
[0.632s] Level 1:colcon.colcon_core.package_identification:_identify(log) ignored
[0.633s] Level 1:colcon.colcon_core.package_identification:_identify(overlord100_controller) by extensions ['ignore', 'ignore_ament_install']
[0.633s] Level 1:colcon.colcon_core.package_identification:_identify(overlord100_controller) by extension 'ignore'
[0.633s] Level 1:colcon.colcon_core.package_identification:_identify(overlord100_controller) by extension 'ignore_ament_install'
[0.633s] Level 1:colcon.colcon_core.package_identification:_identify(overlord100_controller) by extensions ['colcon_pkg']
[0.633s] Level 1:colcon.colcon_core.package_identification:_identify(overlord100_controller) by extension 'colcon_pkg'
[0.633s] Level 1:colcon.colcon_core.package_identification:_identify(overlord100_controller) by extensions ['colcon_meta']
[0.633s] Level 1:colcon.colcon_core.package_identification:_identify(overlord100_controller) by extension 'colcon_meta'
[0.633s] Level 1:colcon.colcon_core.package_identification:_identify(overlord100_controller) by extensions ['ros']
[0.633s] Level 1:colcon.colcon_core.package_identification:_identify(overlord100_controller) by extension 'ros'
[0.639s] DEBUG:colcon.colcon_core.package_identification:Package 'overlord100_controller' with type 'ros.ament_cmake' and name 'overlord100_controller'
[0.639s] Level 1:colcon.colcon_core.package_identification:_identify(overlord100_msgs) by extensions ['ignore', 'ignore_ament_install']
[0.640s] Level 1:colcon.colcon_core.package_identification:_identify(overlord100_msgs) by extension 'ignore'
[0.640s] Level 1:colcon.colcon_core.package_identification:_identify(overlord100_msgs) by extension 'ignore_ament_install'
[0.640s] Level 1:colcon.colcon_core.package_identification:_identify(overlord100_msgs) by extensions ['colcon_pkg']
[0.640s] Level 1:colcon.colcon_core.package_identification:_identify(overlord100_msgs) by extension 'colcon_pkg'
[0.640s] Level 1:colcon.colcon_core.package_identification:_identify(overlord100_msgs) by extensions ['colcon_meta']
[0.640s] Level 1:colcon.colcon_core.package_identification:_identify(overlord100_msgs) by extension 'colcon_meta'
[0.640s] Level 1:colcon.colcon_core.package_identification:_identify(overlord100_msgs) by extensions ['ros']
[0.640s] Level 1:colcon.colcon_core.package_identification:_identify(overlord100_msgs) by extension 'ros'
[0.642s] DEBUG:colcon.colcon_core.package_identification:Package 'overlord100_msgs' with type 'ros.ament_cmake' and name 'overlord100_msgs'
[0.642s] Level 1:colcon.colcon_core.package_discovery:discover_packages(recursive) using defaults
[0.642s] Level 1:colcon.colcon_core.package_discovery:discover_packages(ignore) discover
[0.642s] Level 1:colcon.colcon_core.package_discovery:discover_packages(ignore) using defaults
[0.642s] Level 1:colcon.colcon_core.package_discovery:discover_packages(path) discover
[0.642s] Level 1:colcon.colcon_core.package_discovery:discover_packages(path) using defaults
[0.712s] INFO:colcon.colcon_core.package_selection:Skipping not selected package 'overlord100_controller' in 'overlord100_controller'
[0.714s] Level 1:colcon.colcon_core.package_discovery:discover_packages(prefix_path) check parameters
[0.714s] Level 1:colcon.colcon_core.package_discovery:discover_packages(prefix_path) discover
[0.717s] DEBUG:colcon.colcon_installed_package_information.package_discovery:Found 1 installed packages in /home/ekaterina/tutorials_ws/install
[0.721s] DEBUG:colcon.colcon_installed_package_information.package_discovery:Found 408 installed packages in /opt/ros/humble
[0.725s] Level 1:colcon.colcon_core.package_discovery:discover_packages(prefix_path) using defaults
[0.848s] Level 5:colcon.colcon_core.verb:set package 'overlord100_msgs' build argument 'cmake_args' from command line to 'None'
[0.848s] Level 5:colcon.colcon_core.verb:set package 'overlord100_msgs' build argument 'cmake_target' from command line to 'None'
[0.848s] Level 5:colcon.colcon_core.verb:set package 'overlord100_msgs' build argument 'cmake_target_skip_unavailable' from command line to 'False'
[0.848s] Level 5:colcon.colcon_core.verb:set package 'overlord100_msgs' build argument 'cmake_clean_cache' from command line to 'False'
[0.849s] Level 5:colcon.colcon_core.verb:set package 'overlord100_msgs' build argument 'cmake_clean_first' from command line to 'False'
[0.849s] Level 5:colcon.colcon_core.verb:set package 'overlord100_msgs' build argument 'cmake_force_configure' from command line to 'False'
[0.849s] Level 5:colcon.colcon_core.verb:set package 'overlord100_msgs' build argument 'ament_cmake_args' from command line to 'None'
[0.849s] Level 5:colcon.colcon_core.verb:set package 'overlord100_msgs' build argument 'catkin_cmake_args' from command line to 'None'
[0.849s] Level 5:colcon.colcon_core.verb:set package 'overlord100_msgs' build argument 'catkin_skip_building_tests' from command line to 'False'
[0.849s] DEBUG:colcon.colcon_core.verb:Building package 'overlord100_msgs' with the following arguments: {'ament_cmake_args': None, 'build_base': '/home/ekaterina/Workspace/overlord/SoftOverlord100/Overlord100-controller/build/overlord100_msgs', 'catkin_cmake_args': None, 'catkin_skip_building_tests': False, 'cmake_args': None, 'cmake_clean_cache': False, 'cmake_clean_first': False, 'cmake_force_configure': False, 'cmake_target': None, 'cmake_target_skip_unavailable': False, 'install_base': '/home/ekaterina/Workspace/overlord/SoftOverlord100/Overlord100-controller/install/overlord100_msgs', 'merge_install': False, 'path': '/home/ekaterina/Workspace/overlord/SoftOverlord100/Overlord100-controller/overlord100_msgs', 'symlink_install': False, 'test_result_base': None}
[0.850s] INFO:colcon.colcon_core.executor:Executing jobs using 'parallel' executor
[0.853s] DEBUG:colcon.colcon_parallel_executor.executor.parallel:run_until_complete
[0.854s] INFO:colcon.colcon_ros.task.ament_cmake.build:Building ROS package in '/home/ekaterina/Workspace/overlord/SoftOverlord100/Overlord100-controller/overlord100_msgs' with build type 'ament_cmake'
[0.854s] INFO:colcon.colcon_cmake.task.cmake.build:Building CMake package in '/home/ekaterina/Workspace/overlord/SoftOverlord100/Overlord100-controller/overlord100_msgs'
[0.861s] INFO:colcon.colcon_core.plugin_system:Skipping extension 'colcon_core.shell.bat': Not used on non-Windows systems
[0.862s] INFO:colcon.colcon_core.shell:Skip shell extension 'powershell' for command environment: Not usable outside of PowerShell
[0.862s] DEBUG:colcon.colcon_core.shell:Skip shell extension 'dsv' for command environment
[0.896s] DEBUG:colcon.colcon_core.event_handler.log_command:Invoking command in '/home/ekaterina/Workspace/overlord/SoftOverlord100/Overlord100-controller/build/overlord100_msgs': CMAKE_PREFIX_PATH=${CMAKE_PREFIX_PATH}:/opt/ros/humble /usr/bin/cmake /home/ekaterina/Workspace/overlord/SoftOverlord100/Overlord100-controller/overlord100_msgs -DCMAKE_INSTALL_PREFIX=/home/ekaterina/Workspace/overlord/SoftOverlord100/Overlord100-controller/install/overlord100_msgs
[0.916s] DEBUG:colcon.colcon_core.event_handler.log_command:Invoked command in '/home/ekaterina/Workspace/overlord/SoftOverlord100/Overlord100-controller/build/overlord100_msgs' returned '1': CMAKE_PREFIX_PATH=${CMAKE_PREFIX_PATH}:/opt/ros/humble /usr/bin/cmake /home/ekaterina/Workspace/overlord/SoftOverlord100/Overlord100-controller/overlord100_msgs -DCMAKE_INSTALL_PREFIX=/home/ekaterina/Workspace/overlord/SoftOverlord100/Overlord100-controller/install/overlord100_msgs
[0.955s] Level 1:colcon.colcon_core.environment:create_environment_scripts_only(overlord100_msgs)
[0.963s] Level 1:colcon.colcon_core.environment:checking '/home/ekaterina/Workspace/overlord/SoftOverlord100/Overlord100-controller/install/overlord100_msgs' for CMake module files
[0.966s] Level 1:colcon.colcon_core.environment:checking '/home/ekaterina/Workspace/overlord/SoftOverlord100/Overlord100-controller/install/overlord100_msgs' for CMake config files
[0.968s] Level 1:colcon.colcon_core.shell:create_environment_hook('overlord100_msgs', 'cmake_prefix_path')
[0.969s] INFO:colcon.colcon_core.shell:Creating environment hook '/home/ekaterina/Workspace/overlord/SoftOverlord100/Overlord100-controller/install/overlord100_msgs/share/overlord100_msgs/hook/cmake_prefix_path.ps1'
[0.971s] INFO:colcon.colcon_core.shell:Creating environment descriptor '/home/ekaterina/Workspace/overlord/SoftOverlord100/Overlord100-controller/install/overlord100_msgs/share/overlord100_msgs/hook/cmake_prefix_path.dsv'
[0.973s] INFO:colcon.colcon_core.shell:Creating environment hook '/home/ekaterina/Workspace/overlord/SoftOverlord100/Overlord100-controller/install/overlord100_msgs/share/overlord100_msgs/hook/cmake_prefix_path.sh'
[0.977s] Level 1:colcon.colcon_core.environment:checking '/home/ekaterina/Workspace/overlord/SoftOverlord100/Overlord100-controller/install/overlord100_msgs/lib'
[0.978s] Level 1:colcon.colcon_core.shell:create_environment_hook('overlord100_msgs', 'ld_library_path_lib')
[0.979s] INFO:colcon.colcon_core.shell:Creating environment hook '/home/ekaterina/Workspace/overlord/SoftOverlord100/Overlord100-controller/install/overlord100_msgs/share/overlord100_msgs/hook/ld_library_path_lib.ps1'
[0.980s] INFO:colcon.colcon_core.shell:Creating environment descriptor '/home/ekaterina/Workspace/overlord/SoftOverlord100/Overlord100-controller/install/overlord100_msgs/share/overlord100_msgs/hook/ld_library_path_lib.dsv'
[0.981s] INFO:colcon.colcon_core.shell:Creating environment hook '/home/ekaterina/Workspace/overlord/SoftOverlord100/Overlord100-controller/install/overlord100_msgs/share/overlord100_msgs/hook/ld_library_path_lib.sh'
[0.982s] Level 1:colcon.colcon_core.environment:checking '/home/ekaterina/Workspace/overlord/SoftOverlord100/Overlord100-controller/install/overlord100_msgs/bin'
[0.982s] Level 1:colcon.colcon_core.environment:checking '/home/ekaterina/Workspace/overlord/SoftOverlord100/Overlord100-controller/install/overlord100_msgs/lib/pkgconfig/overlord100_msgs.pc'
[0.983s] Level 1:colcon.colcon_core.environment:checking '/home/ekaterina/Workspace/overlord/SoftOverlord100/Overlord100-controller/install/overlord100_msgs/lib/python3.10/site-packages'
[0.983s] Level 1:colcon.colcon_core.environment:checking '/home/ekaterina/Workspace/overlord/SoftOverlord100/Overlord100-controller/install/overlord100_msgs/bin'
[0.984s] INFO:colcon.colcon_core.shell:Creating package script '/home/ekaterina/Workspace/overlord/SoftOverlord100/Overlord100-controller/install/overlord100_msgs/share/overlord100_msgs/package.ps1'
[0.986s] INFO:colcon.colcon_core.shell:Creating package descriptor '/home/ekaterina/Workspace/overlord/SoftOverlord100/Overlord100-controller/install/overlord100_msgs/share/overlord100_msgs/package.dsv'
[0.988s] INFO:colcon.colcon_core.shell:Creating package script '/home/ekaterina/Workspace/overlord/SoftOverlord100/Overlord100-controller/install/overlord100_msgs/share/overlord100_msgs/package.sh'
[0.991s] INFO:colcon.colcon_core.shell:Creating package script '/home/ekaterina/Workspace/overlord/SoftOverlord100/Overlord100-controller/install/overlord100_msgs/share/overlord100_msgs/package.bash'
[0.994s] INFO:colcon.colcon_core.shell:Creating package script '/home/ekaterina/Workspace/overlord/SoftOverlord100/Overlord100-controller/install/overlord100_msgs/share/overlord100_msgs/package.zsh'
[0.996s] Level 1:colcon.colcon_core.environment:create_file_with_runtime_dependencies(/home/ekaterina/Workspace/overlord/SoftOverlord100/Overlord100-controller/install/overlord100_msgs/share/colcon-core/packages/overlord100_msgs)
[1.008s] DEBUG:colcon.colcon_parallel_executor.executor.parallel:closing loop
[1.008s] DEBUG:colcon.colcon_parallel_executor.executor.parallel:loop closed
[1.008s] DEBUG:colcon.colcon_parallel_executor.executor.parallel:run_until_complete finished with '1'
[1.009s] DEBUG:colcon.colcon_core.event_reactor:joining thread
[1.021s] INFO:colcon.colcon_core.plugin_system:Skipping extension 'colcon_notification.desktop_notification.terminal_notifier': Not used on non-Darwin systems
[1.021s] INFO:colcon.colcon_core.plugin_system:Skipping extension 'colcon_notification.desktop_notification.win32': Not used on non-Windows systems
[1.021s] INFO:colcon.colcon_notification.desktop_notification:Sending desktop notification using 'notify2'
[1.057s] DEBUG:colcon.colcon_core.event_reactor:joined thread
[1.059s] INFO:colcon.colcon_core.shell:Creating prefix script '/home/ekaterina/Workspace/overlord/SoftOverlord100/Overlord100-controller/install/local_setup.ps1'
[1.063s] INFO:colcon.colcon_core.shell:Creating prefix util module '/home/ekaterina/Workspace/overlord/SoftOverlord100/Overlord100-controller/install/_local_setup_util_ps1.py'
[1.069s] INFO:colcon.colcon_core.shell:Creating prefix chain script '/home/ekaterina/Workspace/overlord/SoftOverlord100/Overlord100-controller/install/setup.ps1'
[1.072s] INFO:colcon.colcon_core.shell:Creating prefix script '/home/ekaterina/Workspace/overlord/SoftOverlord100/Overlord100-controller/install/local_setup.sh'
[1.074s] INFO:colcon.colcon_core.shell:Creating prefix util module '/home/ekaterina/Workspace/overlord/SoftOverlord100/Overlord100-controller/install/_local_setup_util_sh.py'
[1.078s] INFO:colcon.colcon_core.shell:Creating prefix chain script '/home/ekaterina/Workspace/overlord/SoftOverlord100/Overlord100-controller/install/setup.sh'
[1.081s] INFO:colcon.colcon_core.shell:Creating prefix script '/home/ekaterina/Workspace/overlord/SoftOverlord100/Overlord100-controller/install/local_setup.bash'
[1.083s] INFO:colcon.colcon_core.shell:Creating prefix chain script '/home/ekaterina/Workspace/overlord/SoftOverlord100/Overlord100-controller/install/setup.bash'
[1.085s] INFO:colcon.colcon_core.shell:Creating prefix script '/home/ekaterina/Workspace/overlord/SoftOverlord100/Overlord100-controller/install/local_setup.zsh'
[1.087s] INFO:colcon.colcon_core.shell:Creating prefix chain script '/home/ekaterina/Workspace/overlord/SoftOverlord100/Overlord100-controller/install/setup.zsh'
